{"/mnt/d/Projects/Traveler_Bloggers_Platform/index.js": {"path":"/mnt/d/Projects/Traveler_Bloggers_Platform/index.js","statementMap":{"0":{"start":{"line":1,"column":16},"end":{"line":1,"column":34}},"1":{"start":{"line":2,"column":16},"end":{"line":2,"column":42}},"2":{"start":{"line":3,"column":17},"end":{"line":3,"column":36}},"3":{"start":{"line":4,"column":11},"end":{"line":4,"column":39}},"4":{"start":{"line":5,"column":15},"end":{"line":5,"column":40}},"5":{"start":{"line":6,"column":11},"end":{"line":6,"column":24}},"6":{"start":{"line":7,"column":13},"end":{"line":7,"column":28}},"7":{"start":{"line":8,"column":14},"end":{"line":8,"column":30}},"8":{"start":{"line":9,"column":18},"end":{"line":9,"column":47}},"9":{"start":{"line":10,"column":13},"end":{"line":10,"column":30}},"10":{"start":{"line":11,"column":24},"end":{"line":11,"column":51}},"11":{"start":{"line":13,"column":0},"end":{"line":13,"column":27}},"12":{"start":{"line":15,"column":12},"end":{"line":15,"column":21}},"13":{"start":{"line":16,"column":13},"end":{"line":16,"column":37}},"14":{"start":{"line":17,"column":18},"end":{"line":17,"column":50}},"15":{"start":{"line":20,"column":24},"end":{"line":20,"column":64}},"16":{"start":{"line":21,"column":26},"end":{"line":21,"column":62}},"17":{"start":{"line":22,"column":0},"end":{"line":22,"column":25}},"18":{"start":{"line":23,"column":0},"end":{"line":23,"column":23}},"19":{"start":{"line":26,"column":0},"end":{"line":31,"column":4}},"20":{"start":{"line":34,"column":0},"end":{"line":34,"column":24}},"21":{"start":{"line":35,"column":0},"end":{"line":35,"column":29}},"22":{"start":{"line":36,"column":0},"end":{"line":36,"column":31}},"23":{"start":{"line":37,"column":0},"end":{"line":37,"column":28}},"24":{"start":{"line":41,"column":0},"end":{"line":47,"column":3}},"25":{"start":{"line":42,"column":4},"end":{"line":46,"column":7}},"26":{"start":{"line":50,"column":19},"end":{"line":50,"column":49}},"27":{"start":{"line":51,"column":19},"end":{"line":51,"column":49}},"28":{"start":{"line":52,"column":22},"end":{"line":52,"column":55}},"29":{"start":{"line":53,"column":23},"end":{"line":53,"column":57}},"30":{"start":{"line":54,"column":20},"end":{"line":54,"column":51}},"31":{"start":{"line":57,"column":0},"end":{"line":61,"column":3}},"32":{"start":{"line":62,"column":0},"end":{"line":62,"column":38}},"33":{"start":{"line":63,"column":0},"end":{"line":63,"column":39}},"34":{"start":{"line":64,"column":0},"end":{"line":64,"column":72}},"35":{"start":{"line":68,"column":0},"end":{"line":71,"column":3}},"36":{"start":{"line":69,"column":4},"end":{"line":69,"column":50}},"37":{"start":{"line":70,"column":4},"end":{"line":70,"column":63}},"38":{"start":{"line":76,"column":0},"end":{"line":86,"column":1}},"39":{"start":{"line":77,"column":24},"end":{"line":80,"column":5}},"40":{"start":{"line":81,"column":4},"end":{"line":81,"column":50}},"41":{"start":{"line":82,"column":4},"end":{"line":82,"column":38}},"42":{"start":{"line":84,"column":4},"end":{"line":84,"column":36}},"43":{"start":{"line":85,"column":4},"end":{"line":85,"column":37}},"44":{"start":{"line":90,"column":0},"end":{"line":100,"column":7}},"45":{"start":{"line":93,"column":8},"end":{"line":93,"column":52}},"46":{"start":{"line":94,"column":8},"end":{"line":96,"column":11}},"47":{"start":{"line":95,"column":12},"end":{"line":95,"column":90}},"48":{"start":{"line":99,"column":8},"end":{"line":99,"column":63}},"49":{"start":{"line":103,"column":0},"end":{"line":107,"column":2}}},"fnMap":{"0":{"name":"(anonymous_0)","decl":{"start":{"line":41,"column":19},"end":{"line":41,"column":20}},"loc":{"start":{"line":41,"column":33},"end":{"line":47,"column":1}},"line":41},"1":{"name":"(anonymous_1)","decl":{"start":{"line":68,"column":8},"end":{"line":68,"column":9}},"loc":{"start":{"line":68,"column":33},"end":{"line":71,"column":1}},"line":68},"2":{"name":"(anonymous_2)","decl":{"start":{"line":92,"column":10},"end":{"line":92,"column":11}},"loc":{"start":{"line":92,"column":16},"end":{"line":97,"column":5}},"line":92},"3":{"name":"(anonymous_3)","decl":{"start":{"line":94,"column":45},"end":{"line":94,"column":46}},"loc":{"start":{"line":94,"column":51},"end":{"line":96,"column":9}},"line":94},"4":{"name":"(anonymous_4)","decl":{"start":{"line":98,"column":11},"end":{"line":98,"column":12}},"loc":{"start":{"line":98,"column":20},"end":{"line":100,"column":5}},"line":98}},"branchMap":{"0":{"loc":{"start":{"line":16,"column":13},"end":{"line":16,"column":37}},"type":"binary-expr","locations":[{"start":{"line":16,"column":13},"end":{"line":16,"column":29}},{"start":{"line":16,"column":33},"end":{"line":16,"column":37}}],"line":16},"1":{"loc":{"start":{"line":27,"column":12},"end":{"line":27,"column":59}},"type":"binary-expr","locations":[{"start":{"line":27,"column":12},"end":{"line":27,"column":38}},{"start":{"line":27,"column":42},"end":{"line":27,"column":59}}],"line":27},"2":{"loc":{"start":{"line":44,"column":18},"end":{"line":44,"column":76}},"type":"cond-expr","locations":[{"start":{"line":44,"column":48},"end":{"line":44,"column":59}},{"start":{"line":44,"column":62},"end":{"line":44,"column":76}}],"line":44},"3":{"loc":{"start":{"line":76,"column":0},"end":{"line":86,"column":1}},"type":"if","locations":[{"start":{"line":76,"column":0},"end":{"line":86,"column":1}},{"start":{"line":83,"column":7},"end":{"line":86,"column":1}}],"line":76},"4":{"loc":{"start":{"line":78,"column":29},"end":{"line":78,"column":66}},"type":"binary-expr","locations":[{"start":{"line":78,"column":29},"end":{"line":78,"column":53}},{"start":{"line":78,"column":57},"end":{"line":78,"column":66}}],"line":78},"5":{"loc":{"start":{"line":79,"column":30},"end":{"line":79,"column":69}},"type":"binary-expr","locations":[{"start":{"line":79,"column":30},"end":{"line":79,"column":55}},{"start":{"line":79,"column":59},"end":{"line":79,"column":69}}],"line":79},"6":{"loc":{"start":{"line":95,"column":27},"end":{"line":95,"column":55}},"type":"cond-expr","locations":[{"start":{"line":95,"column":39},"end":{"line":95,"column":46}},{"start":{"line":95,"column":49},"end":{"line":95,"column":55}}],"line":95}},"s":{"0":1,"1":1,"2":1,"3":1,"4":1,"5":1,"6":1,"7":1,"8":1,"9":1,"10":1,"11":1,"12":1,"13":1,"14":1,"15":1,"16":1,"17":1,"18":1,"19":1,"20":1,"21":1,"22":1,"23":1,"24":1,"25":0,"26":1,"27":1,"28":1,"29":1,"30":1,"31":1,"32":1,"33":1,"34":1,"35":1,"36":0,"37":0,"38":1,"39":0,"40":0,"41":0,"42":1,"43":1,"44":1,"45":0,"46":0,"47":0,"48":0,"49":1},"f":{"0":0,"1":0,"2":0,"3":0,"4":0},"b":{"0":[1,0],"1":[1,0],"2":[0,0],"3":[0,1],"4":[0,0],"5":[0,0],"6":[0,0]},"_coverageSchema":"1a1c01bbd47fc00a2c39e90264f33305004495a9","hash":"0ad3e3dd464670653b720a8b598b5f0d540ccd8f"}
,"/mnt/d/Projects/Traveler_Bloggers_Platform/config/container.js": {"path":"/mnt/d/Projects/Traveler_Bloggers_Platform/config/container.js","statementMap":{"0":{"start":{"line":1,"column":20},"end":{"line":1,"column":54}},"1":{"start":{"line":2,"column":20},"end":{"line":2,"column":54}},"2":{"start":{"line":3,"column":23},"end":{"line":3,"column":63}},"3":{"start":{"line":4,"column":23},"end":{"line":4,"column":63}},"4":{"start":{"line":8,"column":8},"end":{"line":8,"column":27}},"5":{"start":{"line":9,"column":8},"end":{"line":9,"column":30}},"6":{"start":{"line":10,"column":8},"end":{"line":10,"column":26}},"7":{"start":{"line":14,"column":8},"end":{"line":14,"column":54}},"8":{"start":{"line":15,"column":8},"end":{"line":15,"column":54}},"9":{"start":{"line":17,"column":8},"end":{"line":17,"column":88}},"10":{"start":{"line":18,"column":8},"end":{"line":18,"column":88}},"11":{"start":{"line":22,"column":8},"end":{"line":22,"column":35}},"12":{"start":{"line":26,"column":8},"end":{"line":26,"column":38}},"13":{"start":{"line":30,"column":0},"end":{"line":30,"column":33}}},"fnMap":{"0":{"name":"(anonymous_0)","decl":{"start":{"line":7,"column":4},"end":{"line":7,"column":5}},"loc":{"start":{"line":7,"column":18},"end":{"line":11,"column":5}},"line":7},"1":{"name":"(anonymous_1)","decl":{"start":{"line":13,"column":4},"end":{"line":13,"column":5}},"loc":{"start":{"line":13,"column":17},"end":{"line":19,"column":5}},"line":13},"2":{"name":"(anonymous_2)","decl":{"start":{"line":21,"column":4},"end":{"line":21,"column":5}},"loc":{"start":{"line":21,"column":21},"end":{"line":23,"column":5}},"line":21},"3":{"name":"(anonymous_3)","decl":{"start":{"line":25,"column":4},"end":{"line":25,"column":5}},"loc":{"start":{"line":25,"column":24},"end":{"line":27,"column":5}},"line":25}},"branchMap":{},"s":{"0":1,"1":1,"2":1,"3":1,"4":1,"5":1,"6":1,"7":1,"8":1,"9":1,"10":1,"11":0,"12":3,"13":1},"f":{"0":1,"1":1,"2":0,"3":3},"b":{},"_coverageSchema":"1a1c01bbd47fc00a2c39e90264f33305004495a9","hash":"d614de0655be6117c4942bde80c9f3210026ddca"}
,"/mnt/d/Projects/Traveler_Bloggers_Platform/config/database.js": {"path":"/mnt/d/Projects/Traveler_Bloggers_Platform/config/database.js","statementMap":{"0":{"start":{"line":1,"column":11},"end":{"line":1,"column":24}},"1":{"start":{"line":2,"column":13},"end":{"line":2,"column":28}},"2":{"start":{"line":3,"column":22},"end":{"line":3,"column":42}},"3":{"start":{"line":4,"column":0},"end":{"line":4,"column":27}},"4":{"start":{"line":6,"column":18},"end":{"line":32,"column":1}},"5":{"start":{"line":34,"column":11},"end":{"line":34,"column":13}},"6":{"start":{"line":35,"column":0},"end":{"line":35,"column":25}},"7":{"start":{"line":36,"column":0},"end":{"line":36,"column":25}},"8":{"start":{"line":39,"column":0},"end":{"line":48,"column":7}},"9":{"start":{"line":40,"column":22},"end":{"line":40,"column":42}},"10":{"start":{"line":42,"column":8},"end":{"line":47,"column":9}},"11":{"start":{"line":43,"column":26},"end":{"line":43,"column":106}},"12":{"start":{"line":44,"column":12},"end":{"line":44,"column":35}},"13":{"start":{"line":46,"column":12},"end":{"line":46,"column":65}},"14":{"start":{"line":51,"column":0},"end":{"line":55,"column":3}},"15":{"start":{"line":52,"column":4},"end":{"line":54,"column":5}},"16":{"start":{"line":53,"column":8},"end":{"line":53,"column":36}},"17":{"start":{"line":58,"column":0},"end":{"line":78,"column":7}},"18":{"start":{"line":60,"column":8},"end":{"line":60,"column":55}},"19":{"start":{"line":61,"column":8},"end":{"line":73,"column":9}},"20":{"start":{"line":63,"column":12},"end":{"line":63,"column":34}},"21":{"start":{"line":64,"column":12},"end":{"line":64,"column":34}},"22":{"start":{"line":65,"column":12},"end":{"line":65,"column":34}},"23":{"start":{"line":66,"column":12},"end":{"line":66,"column":37}},"24":{"start":{"line":67,"column":12},"end":{"line":67,"column":37}},"25":{"start":{"line":69,"column":12},"end":{"line":69,"column":69}},"26":{"start":{"line":71,"column":12},"end":{"line":71,"column":58}},"27":{"start":{"line":72,"column":12},"end":{"line":72,"column":24}},"28":{"start":{"line":76,"column":8},"end":{"line":76,"column":57}},"29":{"start":{"line":77,"column":8},"end":{"line":77,"column":24}},"30":{"start":{"line":80,"column":0},"end":{"line":80,"column":20}}},"fnMap":{"0":{"name":"(anonymous_0)","decl":{"start":{"line":40,"column":12},"end":{"line":40,"column":13}},"loc":{"start":{"line":40,"column":22},"end":{"line":40,"column":42}},"line":40},"1":{"name":"(anonymous_1)","decl":{"start":{"line":41,"column":13},"end":{"line":41,"column":14}},"loc":{"start":{"line":41,"column":23},"end":{"line":48,"column":5}},"line":41},"2":{"name":"(anonymous_2)","decl":{"start":{"line":51,"column":24},"end":{"line":51,"column":25}},"loc":{"start":{"line":51,"column":39},"end":{"line":55,"column":1}},"line":51},"3":{"name":"(anonymous_3)","decl":{"start":{"line":59,"column":10},"end":{"line":59,"column":11}},"loc":{"start":{"line":59,"column":22},"end":{"line":74,"column":5}},"line":59},"4":{"name":"(anonymous_4)","decl":{"start":{"line":75,"column":11},"end":{"line":75,"column":12}},"loc":{"start":{"line":75,"column":20},"end":{"line":78,"column":5}},"line":75}},"branchMap":{"0":{"loc":{"start":{"line":11,"column":14},"end":{"line":11,"column":48}},"type":"binary-expr","locations":[{"start":{"line":11,"column":14},"end":{"line":11,"column":33}},{"start":{"line":11,"column":37},"end":{"line":11,"column":48}}],"line":11},"1":{"loc":{"start":{"line":12,"column":14},"end":{"line":12,"column":41}},"type":"binary-expr","locations":[{"start":{"line":12,"column":14},"end":{"line":12,"column":33}},{"start":{"line":12,"column":37},"end":{"line":12,"column":41}}],"line":12},"2":{"loc":{"start":{"line":52,"column":4},"end":{"line":54,"column":5}},"type":"if","locations":[{"start":{"line":52,"column":4},"end":{"line":54,"column":5}},{"start":{},"end":{}}],"line":52}},"s":{"0":1,"1":1,"2":1,"3":1,"4":1,"5":1,"6":1,"7":1,"8":1,"9":21,"10":21,"11":21,"12":21,"13":0,"14":1,"15":23,"16":0,"17":1,"18":0,"19":0,"20":0,"21":0,"22":0,"23":0,"24":0,"25":0,"26":0,"27":0,"28":0,"29":0,"30":1},"f":{"0":21,"1":21,"2":23,"3":0,"4":0},"b":{"0":[1,0],"1":[1,0],"2":[0,23]},"_coverageSchema":"1a1c01bbd47fc00a2c39e90264f33305004495a9","hash":"aafaa817953f8a4467e9925ad291c40bf87d6738"}
,"/mnt/d/Projects/Traveler_Bloggers_Platform/config/passport.js": {"path":"/mnt/d/Projects/Traveler_Bloggers_Platform/config/passport.js","statementMap":{"0":{"start":{"line":1,"column":17},"end":{"line":1,"column":36}},"1":{"start":{"line":2,"column":22},"end":{"line":2,"column":56}},"2":{"start":{"line":3,"column":23},"end":{"line":3,"column":66}},"3":{"start":{"line":4,"column":25},"end":{"line":4,"column":62}},"4":{"start":{"line":5,"column":24},"end":{"line":5,"column":60}},"5":{"start":{"line":6,"column":13},"end":{"line":6,"column":39}},"6":{"start":{"line":8,"column":0},"end":{"line":10,"column":3}},"7":{"start":{"line":9,"column":4},"end":{"line":9,"column":24}},"8":{"start":{"line":12,"column":0},"end":{"line":19,"column":3}},"9":{"start":{"line":13,"column":4},"end":{"line":18,"column":5}},"10":{"start":{"line":14,"column":21},"end":{"line":14,"column":44}},"11":{"start":{"line":15,"column":8},"end":{"line":15,"column":25}},"12":{"start":{"line":17,"column":8},"end":{"line":17,"column":26}},"13":{"start":{"line":21,"column":0},"end":{"line":21,"column":26}},"14":{"start":{"line":24,"column":0},"end":{"line":24,"column":49}},"15":{"start":{"line":25,"column":0},"end":{"line":25,"column":51}},"16":{"start":{"line":26,"column":0},"end":{"line":26,"column":50}}},"fnMap":{"0":{"name":"(anonymous_0)","decl":{"start":{"line":8,"column":23},"end":{"line":8,"column":24}},"loc":{"start":{"line":8,"column":39},"end":{"line":10,"column":1}},"line":8},"1":{"name":"(anonymous_1)","decl":{"start":{"line":12,"column":25},"end":{"line":12,"column":26}},"loc":{"start":{"line":12,"column":45},"end":{"line":19,"column":1}},"line":12}},"branchMap":{},"s":{"0":1,"1":1,"2":1,"3":1,"4":1,"5":1,"6":1,"7":0,"8":1,"9":0,"10":0,"11":0,"12":0,"13":1,"14":1,"15":1,"16":1},"f":{"0":0,"1":0},"b":{},"_coverageSchema":"1a1c01bbd47fc00a2c39e90264f33305004495a9","hash":"5134bf3f239baf1d2d5ec9157f1da7af165939bb"}
,"/mnt/d/Projects/Traveler_Bloggers_Platform/controllers/authController.js": {"path":"/mnt/d/Projects/Traveler_Bloggers_Platform/controllers/authController.js","statementMap":{"0":{"start":{"line":1,"column":15},"end":{"line":1,"column":41}},"1":{"start":{"line":2,"column":26},"end":{"line":2,"column":59}},"2":{"start":{"line":3,"column":18},"end":{"line":3,"column":48}},"3":{"start":{"line":4,"column":20},"end":{"line":4,"column":51}},"4":{"start":{"line":8,"column":8},"end":{"line":8,"column":39}},"5":{"start":{"line":12,"column":8},"end":{"line":44,"column":9}},"6":{"start":{"line":13,"column":27},"end":{"line":16,"column":14}},"7":{"start":{"line":19,"column":33},"end":{"line":19,"column":90}},"8":{"start":{"line":20,"column":12},"end":{"line":26,"column":14}},"9":{"start":{"line":28,"column":12},"end":{"line":31,"column":15}},"10":{"start":{"line":33,"column":12},"end":{"line":35,"column":13}},"11":{"start":{"line":34,"column":16},"end":{"line":34,"column":72}},"12":{"start":{"line":36,"column":12},"end":{"line":38,"column":13}},"13":{"start":{"line":37,"column":16},"end":{"line":37,"column":72}},"14":{"start":{"line":39,"column":12},"end":{"line":41,"column":13}},"15":{"start":{"line":40,"column":16},"end":{"line":40,"column":72}},"16":{"start":{"line":42,"column":12},"end":{"line":42,"column":65}},"17":{"start":{"line":43,"column":12},"end":{"line":43,"column":84}},"18":{"start":{"line":48,"column":8},"end":{"line":70,"column":9}},"19":{"start":{"line":49,"column":27},"end":{"line":52,"column":45}},"20":{"start":{"line":54,"column":12},"end":{"line":57,"column":15}},"21":{"start":{"line":59,"column":12},"end":{"line":59,"column":61}},"22":{"start":{"line":60,"column":12},"end":{"line":62,"column":13}},"23":{"start":{"line":61,"column":16},"end":{"line":61,"column":72}},"24":{"start":{"line":63,"column":12},"end":{"line":65,"column":13}},"25":{"start":{"line":64,"column":16},"end":{"line":64,"column":72}},"26":{"start":{"line":66,"column":12},"end":{"line":68,"column":13}},"27":{"start":{"line":67,"column":16},"end":{"line":67,"column":72}},"28":{"start":{"line":69,"column":12},"end":{"line":69,"column":84}},"29":{"start":{"line":74,"column":8},"end":{"line":74,"column":87}},"30":{"start":{"line":76,"column":8},"end":{"line":95,"column":9}},"31":{"start":{"line":77,"column":25},"end":{"line":77,"column":72}},"32":{"start":{"line":78,"column":26},"end":{"line":78,"column":45}},"33":{"start":{"line":80,"column":12},"end":{"line":91,"column":15}},"34":{"start":{"line":93,"column":12},"end":{"line":93,"column":76}},"35":{"start":{"line":94,"column":12},"end":{"line":94,"column":84}},"36":{"start":{"line":99,"column":8},"end":{"line":99,"column":86}},"37":{"start":{"line":101,"column":8},"end":{"line":120,"column":9}},"38":{"start":{"line":102,"column":25},"end":{"line":102,"column":72}},"39":{"start":{"line":103,"column":26},"end":{"line":103,"column":45}},"40":{"start":{"line":105,"column":12},"end":{"line":116,"column":15}},"41":{"start":{"line":118,"column":12},"end":{"line":118,"column":75}},"42":{"start":{"line":119,"column":12},"end":{"line":119,"column":84}},"43":{"start":{"line":124,"column":8},"end":{"line":124,"column":88}},"44":{"start":{"line":126,"column":8},"end":{"line":145,"column":9}},"45":{"start":{"line":127,"column":25},"end":{"line":127,"column":72}},"46":{"start":{"line":128,"column":26},"end":{"line":128,"column":45}},"47":{"start":{"line":130,"column":12},"end":{"line":141,"column":15}},"48":{"start":{"line":143,"column":12},"end":{"line":143,"column":77}},"49":{"start":{"line":144,"column":12},"end":{"line":144,"column":84}},"50":{"start":{"line":149,"column":8},"end":{"line":149,"column":80}},"51":{"start":{"line":151,"column":8},"end":{"line":161,"column":9}},"52":{"start":{"line":152,"column":27},"end":{"line":152,"column":40}},"53":{"start":{"line":153,"column":25},"end":{"line":153,"column":67}},"54":{"start":{"line":154,"column":12},"end":{"line":154,"column":43}},"55":{"start":{"line":156,"column":12},"end":{"line":156,"column":66}},"56":{"start":{"line":157,"column":12},"end":{"line":159,"column":13}},"57":{"start":{"line":158,"column":16},"end":{"line":158,"column":72}},"58":{"start":{"line":160,"column":12},"end":{"line":160,"column":62}},"59":{"start":{"line":165,"column":8},"end":{"line":189,"column":9}},"60":{"start":{"line":166,"column":30},"end":{"line":166,"column":38}},"61":{"start":{"line":167,"column":26},"end":{"line":167,"column":82}},"62":{"start":{"line":170,"column":30},"end":{"line":170,"column":89}},"63":{"start":{"line":171,"column":31},"end":{"line":171,"column":81}},"64":{"start":{"line":172,"column":12},"end":{"line":178,"column":14}},"65":{"start":{"line":180,"column":12},"end":{"line":182,"column":15}},"66":{"start":{"line":184,"column":12},"end":{"line":184,"column":84}},"67":{"start":{"line":185,"column":12},"end":{"line":187,"column":13}},"68":{"start":{"line":186,"column":16},"end":{"line":186,"column":72}},"69":{"start":{"line":188,"column":12},"end":{"line":188,"column":62}},"70":{"start":{"line":193,"column":8},"end":{"line":203,"column":9}},"71":{"start":{"line":194,"column":43},"end":{"line":194,"column":51}},"72":{"start":{"line":195,"column":12},"end":{"line":195,"column":69}},"73":{"start":{"line":196,"column":12},"end":{"line":196,"column":77}},"74":{"start":{"line":198,"column":12},"end":{"line":198,"column":71}},"75":{"start":{"line":199,"column":12},"end":{"line":201,"column":13}},"76":{"start":{"line":200,"column":16},"end":{"line":200,"column":72}},"77":{"start":{"line":202,"column":12},"end":{"line":202,"column":62}},"78":{"start":{"line":207,"column":8},"end":{"line":219,"column":9}},"79":{"start":{"line":208,"column":53},"end":{"line":208,"column":61}},"80":{"start":{"line":209,"column":27},"end":{"line":209,"column":38}},"81":{"start":{"line":211,"column":12},"end":{"line":211,"column":96}},"82":{"start":{"line":212,"column":12},"end":{"line":212,"column":79}},"83":{"start":{"line":214,"column":12},"end":{"line":214,"column":70}},"84":{"start":{"line":215,"column":12},"end":{"line":217,"column":13}},"85":{"start":{"line":216,"column":16},"end":{"line":216,"column":72}},"86":{"start":{"line":218,"column":12},"end":{"line":218,"column":62}},"87":{"start":{"line":223,"column":8},"end":{"line":243,"column":9}},"88":{"start":{"line":224,"column":30},"end":{"line":224,"column":38}},"89":{"start":{"line":225,"column":26},"end":{"line":225,"column":86}},"90":{"start":{"line":228,"column":31},"end":{"line":228,"column":88}},"91":{"start":{"line":229,"column":32},"end":{"line":229,"column":87}},"92":{"start":{"line":230,"column":12},"end":{"line":236,"column":14}},"93":{"start":{"line":237,"column":12},"end":{"line":239,"column":15}},"94":{"start":{"line":241,"column":12},"end":{"line":241,"column":88}},"95":{"start":{"line":242,"column":12},"end":{"line":242,"column":62}},"96":{"start":{"line":247,"column":8},"end":{"line":257,"column":9}},"97":{"start":{"line":248,"column":30},"end":{"line":248,"column":38}},"98":{"start":{"line":249,"column":12},"end":{"line":249,"column":54}},"99":{"start":{"line":250,"column":12},"end":{"line":250,"column":77}},"100":{"start":{"line":252,"column":12},"end":{"line":252,"column":68}},"101":{"start":{"line":253,"column":12},"end":{"line":255,"column":13}},"102":{"start":{"line":254,"column":16},"end":{"line":254,"column":72}},"103":{"start":{"line":256,"column":12},"end":{"line":256,"column":62}},"104":{"start":{"line":261,"column":8},"end":{"line":290,"column":9}},"105":{"start":{"line":262,"column":37},"end":{"line":262,"column":45}},"106":{"start":{"line":263,"column":27},"end":{"line":263,"column":82}},"107":{"start":{"line":264,"column":25},"end":{"line":264,"column":67}},"108":{"start":{"line":265,"column":29},"end":{"line":265,"column":48}},"109":{"start":{"line":266,"column":36},"end":{"line":266,"column":87}},"110":{"start":{"line":269,"column":12},"end":{"line":269,"column":68}},"111":{"start":{"line":271,"column":12},"end":{"line":283,"column":15}},"112":{"start":{"line":285,"column":12},"end":{"line":285,"column":69}},"113":{"start":{"line":286,"column":12},"end":{"line":288,"column":13}},"114":{"start":{"line":287,"column":16},"end":{"line":287,"column":72}},"115":{"start":{"line":289,"column":12},"end":{"line":289,"column":62}},"116":{"start":{"line":294,"column":8},"end":{"line":301,"column":9}},"117":{"start":{"line":295,"column":37},"end":{"line":295,"column":45}},"118":{"start":{"line":296,"column":12},"end":{"line":296,"column":68}},"119":{"start":{"line":297,"column":12},"end":{"line":297,"column":73}},"120":{"start":{"line":299,"column":12},"end":{"line":299,"column":64}},"121":{"start":{"line":300,"column":12},"end":{"line":300,"column":62}},"122":{"start":{"line":305,"column":8},"end":{"line":314,"column":9}},"123":{"start":{"line":306,"column":29},"end":{"line":306,"column":82}},"124":{"start":{"line":307,"column":12},"end":{"line":310,"column":15}},"125":{"start":{"line":312,"column":12},"end":{"line":312,"column":70}},"126":{"start":{"line":313,"column":12},"end":{"line":313,"column":62}},"127":{"start":{"line":318,"column":8},"end":{"line":325,"column":9}},"128":{"start":{"line":319,"column":30},"end":{"line":319,"column":38}},"129":{"start":{"line":320,"column":12},"end":{"line":320,"column":56}},"130":{"start":{"line":321,"column":12},"end":{"line":321,"column":78}},"131":{"start":{"line":323,"column":12},"end":{"line":323,"column":69}},"132":{"start":{"line":324,"column":12},"end":{"line":324,"column":62}},"133":{"start":{"line":332,"column":8},"end":{"line":356,"column":9}},"134":{"start":{"line":333,"column":25},"end":{"line":333,"column":72}},"135":{"start":{"line":334,"column":26},"end":{"line":334,"column":45}},"136":{"start":{"line":335,"column":33},"end":{"line":335,"column":85}},"137":{"start":{"line":337,"column":12},"end":{"line":349,"column":15}},"138":{"start":{"line":351,"column":12},"end":{"line":351,"column":76}},"139":{"start":{"line":352,"column":12},"end":{"line":355,"column":15}},"140":{"start":{"line":360,"column":0},"end":{"line":360,"column":32}}},"fnMap":{"0":{"name":"(anonymous_0)","decl":{"start":{"line":7,"column":4},"end":{"line":7,"column":5}},"loc":{"start":{"line":7,"column":29},"end":{"line":9,"column":5}},"line":7},"1":{"name":"(anonymous_1)","decl":{"start":{"line":11,"column":4},"end":{"line":11,"column":5}},"loc":{"start":{"line":11,"column":29},"end":{"line":45,"column":5}},"line":11},"2":{"name":"(anonymous_2)","decl":{"start":{"line":47,"column":4},"end":{"line":47,"column":5}},"loc":{"start":{"line":47,"column":26},"end":{"line":71,"column":5}},"line":47},"3":{"name":"(anonymous_3)","decl":{"start":{"line":73,"column":4},"end":{"line":73,"column":5}},"loc":{"start":{"line":73,"column":37},"end":{"line":96,"column":5}},"line":73},"4":{"name":"(anonymous_4)","decl":{"start":{"line":98,"column":4},"end":{"line":98,"column":5}},"loc":{"start":{"line":98,"column":36},"end":{"line":121,"column":5}},"line":98},"5":{"name":"(anonymous_5)","decl":{"start":{"line":123,"column":4},"end":{"line":123,"column":5}},"loc":{"start":{"line":123,"column":38},"end":{"line":146,"column":5}},"line":123},"6":{"name":"(anonymous_6)","decl":{"start":{"line":148,"column":4},"end":{"line":148,"column":5}},"loc":{"start":{"line":148,"column":28},"end":{"line":162,"column":5}},"line":148},"7":{"name":"(anonymous_7)","decl":{"start":{"line":164,"column":4},"end":{"line":164,"column":5}},"loc":{"start":{"line":164,"column":41},"end":{"line":190,"column":5}},"line":164},"8":{"name":"(anonymous_8)","decl":{"start":{"line":192,"column":4},"end":{"line":192,"column":5}},"loc":{"start":{"line":192,"column":41},"end":{"line":204,"column":5}},"line":192},"9":{"name":"(anonymous_9)","decl":{"start":{"line":206,"column":4},"end":{"line":206,"column":5}},"loc":{"start":{"line":206,"column":43},"end":{"line":220,"column":5}},"line":206},"10":{"name":"(anonymous_10)","decl":{"start":{"line":222,"column":4},"end":{"line":222,"column":5}},"loc":{"start":{"line":222,"column":45},"end":{"line":244,"column":5}},"line":222},"11":{"name":"(anonymous_11)","decl":{"start":{"line":246,"column":4},"end":{"line":246,"column":5}},"loc":{"start":{"line":246,"column":45},"end":{"line":258,"column":5}},"line":246},"12":{"name":"(anonymous_12)","decl":{"start":{"line":260,"column":4},"end":{"line":260,"column":5}},"loc":{"start":{"line":260,"column":33},"end":{"line":291,"column":5}},"line":260},"13":{"name":"(anonymous_13)","decl":{"start":{"line":293,"column":4},"end":{"line":293,"column":5}},"loc":{"start":{"line":293,"column":27},"end":{"line":302,"column":5}},"line":293},"14":{"name":"(anonymous_14)","decl":{"start":{"line":304,"column":4},"end":{"line":304,"column":5}},"loc":{"start":{"line":304,"column":32},"end":{"line":315,"column":5}},"line":304},"15":{"name":"(anonymous_15)","decl":{"start":{"line":317,"column":4},"end":{"line":317,"column":5}},"loc":{"start":{"line":317,"column":34},"end":{"line":326,"column":5}},"line":317},"16":{"name":"(anonymous_16)","decl":{"start":{"line":331,"column":4},"end":{"line":331,"column":5}},"loc":{"start":{"line":331,"column":40},"end":{"line":357,"column":5}},"line":331}},"branchMap":{"0":{"loc":{"start":{"line":33,"column":12},"end":{"line":35,"column":13}},"type":"if","locations":[{"start":{"line":33,"column":12},"end":{"line":35,"column":13}},{"start":{},"end":{}}],"line":33},"1":{"loc":{"start":{"line":33,"column":16},"end":{"line":33,"column":102}},"type":"binary-expr","locations":[{"start":{"line":33,"column":16},"end":{"line":33,"column":56}},{"start":{"line":33,"column":60},"end":{"line":33,"column":102}}],"line":33},"2":{"loc":{"start":{"line":36,"column":12},"end":{"line":38,"column":13}},"type":"if","locations":[{"start":{"line":36,"column":12},"end":{"line":38,"column":13}},{"start":{},"end":{}}],"line":36},"3":{"loc":{"start":{"line":36,"column":16},"end":{"line":36,"column":115}},"type":"binary-expr","locations":[{"start":{"line":36,"column":16},"end":{"line":36,"column":63}},{"start":{"line":36,"column":67},"end":{"line":36,"column":115}}],"line":36},"4":{"loc":{"start":{"line":39,"column":12},"end":{"line":41,"column":13}},"type":"if","locations":[{"start":{"line":39,"column":12},"end":{"line":41,"column":13}},{"start":{},"end":{}}],"line":39},"5":{"loc":{"start":{"line":39,"column":16},"end":{"line":39,"column":111}},"type":"binary-expr","locations":[{"start":{"line":39,"column":16},"end":{"line":39,"column":65}},{"start":{"line":39,"column":69},"end":{"line":39,"column":111}}],"line":39},"6":{"loc":{"start":{"line":60,"column":12},"end":{"line":62,"column":13}},"type":"if","locations":[{"start":{"line":60,"column":12},"end":{"line":62,"column":13}},{"start":{},"end":{}}],"line":60},"7":{"loc":{"start":{"line":63,"column":12},"end":{"line":65,"column":13}},"type":"if","locations":[{"start":{"line":63,"column":12},"end":{"line":65,"column":13}},{"start":{},"end":{}}],"line":63},"8":{"loc":{"start":{"line":63,"column":16},"end":{"line":63,"column":115}},"type":"binary-expr","locations":[{"start":{"line":63,"column":16},"end":{"line":63,"column":63}},{"start":{"line":63,"column":67},"end":{"line":63,"column":115}}],"line":63},"9":{"loc":{"start":{"line":66,"column":12},"end":{"line":68,"column":13}},"type":"if","locations":[{"start":{"line":66,"column":12},"end":{"line":68,"column":13}},{"start":{},"end":{}}],"line":66},"10":{"loc":{"start":{"line":66,"column":16},"end":{"line":66,"column":111}},"type":"binary-expr","locations":[{"start":{"line":66,"column":16},"end":{"line":66,"column":65}},{"start":{"line":66,"column":69},"end":{"line":66,"column":111}}],"line":66},"11":{"loc":{"start":{"line":157,"column":12},"end":{"line":159,"column":13}},"type":"if","locations":[{"start":{"line":157,"column":12},"end":{"line":159,"column":13}},{"start":{},"end":{}}],"line":157},"12":{"loc":{"start":{"line":185,"column":12},"end":{"line":187,"column":13}},"type":"if","locations":[{"start":{"line":185,"column":12},"end":{"line":187,"column":13}},{"start":{},"end":{}}],"line":185},"13":{"loc":{"start":{"line":199,"column":12},"end":{"line":201,"column":13}},"type":"if","locations":[{"start":{"line":199,"column":12},"end":{"line":201,"column":13}},{"start":{},"end":{}}],"line":199},"14":{"loc":{"start":{"line":215,"column":12},"end":{"line":217,"column":13}},"type":"if","locations":[{"start":{"line":215,"column":12},"end":{"line":217,"column":13}},{"start":{},"end":{}}],"line":215},"15":{"loc":{"start":{"line":253,"column":12},"end":{"line":255,"column":13}},"type":"if","locations":[{"start":{"line":253,"column":12},"end":{"line":255,"column":13}},{"start":{},"end":{}}],"line":253},"16":{"loc":{"start":{"line":286,"column":12},"end":{"line":288,"column":13}},"type":"if","locations":[{"start":{"line":286,"column":12},"end":{"line":288,"column":13}},{"start":{},"end":{}}],"line":286}},"s":{"0":1,"1":1,"2":1,"3":1,"4":1,"5":0,"6":0,"7":0,"8":0,"9":0,"10":0,"11":0,"12":0,"13":0,"14":0,"15":0,"16":0,"17":0,"18":0,"19":0,"20":0,"21":0,"22":0,"23":0,"24":0,"25":0,"26":0,"27":0,"28":0,"29":0,"30":0,"31":0,"32":0,"33":0,"34":0,"35":0,"36":0,"37":0,"38":0,"39":0,"40":0,"41":0,"42":0,"43":0,"44":0,"45":0,"46":0,"47":0,"48":0,"49":0,"50":0,"51":0,"52":0,"53":0,"54":0,"55":0,"56":0,"57":0,"58":0,"59":0,"60":0,"61":0,"62":0,"63":0,"64":0,"65":0,"66":0,"67":0,"68":0,"69":0,"70":0,"71":0,"72":0,"73":0,"74":0,"75":0,"76":0,"77":0,"78":0,"79":0,"80":0,"81":0,"82":0,"83":0,"84":0,"85":0,"86":0,"87":0,"88":0,"89":0,"90":0,"91":0,"92":0,"93":0,"94":0,"95":0,"96":0,"97":0,"98":0,"99":0,"100":0,"101":0,"102":0,"103":0,"104":0,"105":0,"106":0,"107":0,"108":0,"109":0,"110":0,"111":0,"112":0,"113":0,"114":0,"115":0,"116":0,"117":0,"118":0,"119":0,"120":0,"121":0,"122":0,"123":0,"124":0,"125":0,"126":0,"127":0,"128":0,"129":0,"130":0,"131":0,"132":0,"133":0,"134":0,"135":0,"136":0,"137":0,"138":0,"139":0,"140":1},"f":{"0":1,"1":0,"2":0,"3":0,"4":0,"5":0,"6":0,"7":0,"8":0,"9":0,"10":0,"11":0,"12":0,"13":0,"14":0,"15":0,"16":0},"b":{"0":[0,0],"1":[0,0],"2":[0,0],"3":[0,0],"4":[0,0],"5":[0,0],"6":[0,0],"7":[0,0],"8":[0,0],"9":[0,0],"10":[0,0],"11":[0,0],"12":[0,0],"13":[0,0],"14":[0,0],"15":[0,0],"16":[0,0]},"_coverageSchema":"1a1c01bbd47fc00a2c39e90264f33305004495a9","hash":"da70b7ea19a73eb44bd04467288f752626ef321f"}
,"/mnt/d/Projects/Traveler_Bloggers_Platform/controllers/userController.js": {"path":"/mnt/d/Projects/Traveler_Bloggers_Platform/controllers/userController.js","statementMap":{"0":{"start":{"line":1,"column":15},"end":{"line":1,"column":41}},"1":{"start":{"line":5,"column":8},"end":{"line":5,"column":39}},"2":{"start":{"line":12,"column":8},"end":{"line":32,"column":9}},"3":{"start":{"line":13,"column":27},"end":{"line":13,"column":38}},"4":{"start":{"line":14,"column":25},"end":{"line":14,"column":70}},"5":{"start":{"line":16,"column":12},"end":{"line":28,"column":15}},"6":{"start":{"line":30,"column":12},"end":{"line":30,"column":68}},"7":{"start":{"line":31,"column":12},"end":{"line":31,"column":74}},"8":{"start":{"line":39,"column":8},"end":{"line":62,"column":9}},"9":{"start":{"line":40,"column":27},"end":{"line":40,"column":38}},"10":{"start":{"line":41,"column":28},"end":{"line":41,"column":36}},"11":{"start":{"line":43,"column":32},"end":{"line":43,"column":89}},"12":{"start":{"line":45,"column":12},"end":{"line":55,"column":15}},"13":{"start":{"line":57,"column":12},"end":{"line":57,"column":69}},"14":{"start":{"line":58,"column":12},"end":{"line":60,"column":13}},"15":{"start":{"line":59,"column":16},"end":{"line":59,"column":72}},"16":{"start":{"line":61,"column":12},"end":{"line":61,"column":72}},"17":{"start":{"line":66,"column":0},"end":{"line":66,"column":32}}},"fnMap":{"0":{"name":"(anonymous_0)","decl":{"start":{"line":4,"column":4},"end":{"line":4,"column":5}},"loc":{"start":{"line":4,"column":29},"end":{"line":6,"column":5}},"line":4},"1":{"name":"(anonymous_1)","decl":{"start":{"line":11,"column":4},"end":{"line":11,"column":5}},"loc":{"start":{"line":11,"column":31},"end":{"line":33,"column":5}},"line":11},"2":{"name":"(anonymous_2)","decl":{"start":{"line":38,"column":4},"end":{"line":38,"column":5}},"loc":{"start":{"line":38,"column":34},"end":{"line":63,"column":5}},"line":38}},"branchMap":{"0":{"loc":{"start":{"line":58,"column":12},"end":{"line":60,"column":13}},"type":"if","locations":[{"start":{"line":58,"column":12},"end":{"line":60,"column":13}},{"start":{},"end":{}}],"line":58}},"s":{"0":1,"1":1,"2":0,"3":0,"4":0,"5":0,"6":0,"7":0,"8":0,"9":0,"10":0,"11":0,"12":0,"13":0,"14":0,"15":0,"16":0,"17":1},"f":{"0":1,"1":0,"2":0},"b":{"0":[0,0]},"_coverageSchema":"1a1c01bbd47fc00a2c39e90264f33305004495a9","hash":"8475538fdec679f90fe1518cddfe00618c4b1351"}
,"/mnt/d/Projects/Traveler_Bloggers_Platform/middlewares/authorization.js": {"path":"/mnt/d/Projects/Traveler_Bloggers_Platform/middlewares/authorization.js","statementMap":{"0":{"start":{"line":1,"column":15},"end":{"line":1,"column":41}},"1":{"start":{"line":2,"column":11},"end":{"line":2,"column":40}},"2":{"start":{"line":4,"column":0},"end":{"line":57,"column":2}},"3":{"start":{"line":5,"column":4},"end":{"line":56,"column":6}},"4":{"start":{"line":6,"column":8},"end":{"line":55,"column":9}},"5":{"start":{"line":8,"column":12},"end":{"line":14,"column":13}},"6":{"start":{"line":9,"column":16},"end":{"line":9,"column":78}},"7":{"start":{"line":10,"column":16},"end":{"line":13,"column":19}},"8":{"start":{"line":17,"column":25},"end":{"line":17,"column":61}},"9":{"start":{"line":18,"column":12},"end":{"line":24,"column":13}},"10":{"start":{"line":19,"column":16},"end":{"line":19,"column":74}},"11":{"start":{"line":20,"column":16},"end":{"line":23,"column":19}},"12":{"start":{"line":27,"column":34},"end":{"line":32,"column":13}},"13":{"start":{"line":35,"column":12},"end":{"line":38,"column":13}},"14":{"start":{"line":36,"column":16},"end":{"line":36,"column":102}},"15":{"start":{"line":37,"column":16},"end":{"line":37,"column":30}},"16":{"start":{"line":41,"column":12},"end":{"line":41,"column":119}},"17":{"start":{"line":42,"column":12},"end":{"line":47,"column":15}},"18":{"start":{"line":50,"column":12},"end":{"line":50,"column":68}},"19":{"start":{"line":51,"column":12},"end":{"line":54,"column":15}}},"fnMap":{"0":{"name":"(anonymous_0)","decl":{"start":{"line":4,"column":17},"end":{"line":4,"column":18}},"loc":{"start":{"line":4,"column":35},"end":{"line":57,"column":1}},"line":4},"1":{"name":"(anonymous_1)","decl":{"start":{"line":5,"column":11},"end":{"line":5,"column":12}},"loc":{"start":{"line":5,"column":37},"end":{"line":56,"column":5}},"line":5}},"branchMap":{"0":{"loc":{"start":{"line":8,"column":12},"end":{"line":14,"column":13}},"type":"if","locations":[{"start":{"line":8,"column":12},"end":{"line":14,"column":13}},{"start":{},"end":{}}],"line":8},"1":{"loc":{"start":{"line":18,"column":12},"end":{"line":24,"column":13}},"type":"if","locations":[{"start":{"line":18,"column":12},"end":{"line":24,"column":13}},{"start":{},"end":{}}],"line":18},"2":{"loc":{"start":{"line":18,"column":16},"end":{"line":18,"column":40}},"type":"binary-expr","locations":[{"start":{"line":18,"column":16},"end":{"line":18,"column":21}},{"start":{"line":18,"column":25},"end":{"line":18,"column":40}}],"line":18},"3":{"loc":{"start":{"line":35,"column":12},"end":{"line":38,"column":13}},"type":"if","locations":[{"start":{"line":35,"column":12},"end":{"line":38,"column":13}},{"start":{},"end":{}}],"line":35}},"s":{"0":1,"1":1,"2":1,"3":4,"4":0,"5":0,"6":0,"7":0,"8":0,"9":0,"10":0,"11":0,"12":0,"13":0,"14":0,"15":0,"16":0,"17":0,"18":0,"19":0},"f":{"0":4,"1":0},"b":{"0":[0,0],"1":[0,0],"2":[0,0],"3":[0,0]},"_coverageSchema":"1a1c01bbd47fc00a2c39e90264f33305004495a9","hash":"1ec41de66932151aed1d6933e388f058b57d4103"}
,"/mnt/d/Projects/Traveler_Bloggers_Platform/middlewares/rateLimiter.js": {"path":"/mnt/d/Projects/Traveler_Bloggers_Platform/middlewares/rateLimiter.js","statementMap":{"0":{"start":{"line":1,"column":18},"end":{"line":1,"column":47}},"1":{"start":{"line":2,"column":15},"end":{"line":2,"column":41}},"2":{"start":{"line":5,"column":22},"end":{"line":14,"column":2}},"3":{"start":{"line":9,"column":8},"end":{"line":9,"column":61}},"4":{"start":{"line":10,"column":8},"end":{"line":12,"column":11}},"5":{"start":{"line":17,"column":25},"end":{"line":26,"column":2}},"6":{"start":{"line":21,"column":8},"end":{"line":21,"column":80}},"7":{"start":{"line":22,"column":8},"end":{"line":24,"column":11}},"8":{"start":{"line":28,"column":0},"end":{"line":31,"column":2}}},"fnMap":{"0":{"name":"(anonymous_0)","decl":{"start":{"line":8,"column":13},"end":{"line":8,"column":14}},"loc":{"start":{"line":8,"column":27},"end":{"line":13,"column":5}},"line":8},"1":{"name":"(anonymous_1)","decl":{"start":{"line":20,"column":13},"end":{"line":20,"column":14}},"loc":{"start":{"line":20,"column":27},"end":{"line":25,"column":5}},"line":20}},"branchMap":{},"s":{"0":1,"1":1,"2":1,"3":0,"4":0,"5":1,"6":0,"7":0,"8":1},"f":{"0":0,"1":0},"b":{},"_coverageSchema":"1a1c01bbd47fc00a2c39e90264f33305004495a9","hash":"c55c7f76499eefc104792770b96e751750a95090"}
,"/mnt/d/Projects/Traveler_Bloggers_Platform/middlewares/securityHeaders.js": {"path":"/mnt/d/Projects/Traveler_Bloggers_Platform/middlewares/securityHeaders.js","statementMap":{"0":{"start":{"line":1,"column":15},"end":{"line":1,"column":32}},"1":{"start":{"line":2,"column":15},"end":{"line":2,"column":41}},"2":{"start":{"line":4,"column":0},"end":{"line":25,"column":3}}},"fnMap":{},"branchMap":{},"s":{"0":1,"1":1,"2":1},"f":{},"b":{},"_coverageSchema":"1a1c01bbd47fc00a2c39e90264f33305004495a9","hash":"37cf1bc60899b64a2df76f50191a06ff6e0777db"}
,"/mnt/d/Projects/Traveler_Bloggers_Platform/middlewares/validate.js": {"path":"/mnt/d/Projects/Traveler_Bloggers_Platform/middlewares/validate.js","statementMap":{"0":{"start":{"line":1,"column":12},"end":{"line":1,"column":26}},"1":{"start":{"line":4,"column":21},"end":{"line":13,"column":1}},"2":{"start":{"line":16,"column":23},"end":{"line":26,"column":52}},"3":{"start":{"line":29,"column":20},"end":{"line":31,"column":52}},"4":{"start":{"line":34,"column":17},"end":{"line":38,"column":1}},"5":{"start":{"line":34,"column":29},"end":{"line":38,"column":1}},"6":{"start":{"line":35,"column":22},"end":{"line":35,"column":47}},"7":{"start":{"line":36,"column":4},"end":{"line":36,"column":82}},"8":{"start":{"line":36,"column":15},"end":{"line":36,"column":82}},"9":{"start":{"line":37,"column":4},"end":{"line":37,"column":11}},"10":{"start":{"line":41,"column":0},"end":{"line":44,"column":2}}},"fnMap":{"0":{"name":"(anonymous_0)","decl":{"start":{"line":34,"column":17},"end":{"line":34,"column":18}},"loc":{"start":{"line":34,"column":29},"end":{"line":38,"column":1}},"line":34},"1":{"name":"(anonymous_1)","decl":{"start":{"line":34,"column":29},"end":{"line":34,"column":30}},"loc":{"start":{"line":34,"column":49},"end":{"line":38,"column":1}},"line":34}},"branchMap":{"0":{"loc":{"start":{"line":36,"column":4},"end":{"line":36,"column":82}},"type":"if","locations":[{"start":{"line":36,"column":4},"end":{"line":36,"column":82}},{"start":{},"end":{}}],"line":36}},"s":{"0":1,"1":1,"2":1,"3":1,"4":1,"5":2,"6":0,"7":0,"8":0,"9":0,"10":1},"f":{"0":2,"1":0},"b":{"0":[0,0]},"_coverageSchema":"1a1c01bbd47fc00a2c39e90264f33305004495a9","hash":"9e114a67a72c278135f8fbdecba8e022d54175bf"}
,"/mnt/d/Projects/Traveler_Bloggers_Platform/middlewares/verifyJWT.js": {"path":"/mnt/d/Projects/Traveler_Bloggers_Platform/middlewares/verifyJWT.js","statementMap":{"0":{"start":{"line":1,"column":12},"end":{"line":1,"column":35}},"1":{"start":{"line":2,"column":15},"end":{"line":2,"column":41}},"2":{"start":{"line":9,"column":18},"end":{"line":81,"column":1}},"3":{"start":{"line":10,"column":4},"end":{"line":80,"column":6}},"4":{"start":{"line":11,"column":8},"end":{"line":79,"column":9}},"5":{"start":{"line":13,"column":31},"end":{"line":13,"column":56}},"6":{"start":{"line":14,"column":12},"end":{"line":21,"column":13}},"7":{"start":{"line":15,"column":16},"end":{"line":19,"column":19}},"8":{"start":{"line":20,"column":16},"end":{"line":20,"column":78}},"9":{"start":{"line":23,"column":26},"end":{"line":23,"column":50}},"10":{"start":{"line":26,"column":28},"end":{"line":26,"column":69}},"11":{"start":{"line":27,"column":12},"end":{"line":31,"column":15}},"12":{"start":{"line":34,"column":12},"end":{"line":38,"column":14}},"13":{"start":{"line":41,"column":12},"end":{"line":52,"column":13}},"14":{"start":{"line":42,"column":30},"end":{"line":42,"column":89}},"15":{"start":{"line":43,"column":16},"end":{"line":51,"column":17}},"16":{"start":{"line":44,"column":20},"end":{"line":49,"column":23}},"17":{"start":{"line":50,"column":20},"end":{"line":50,"column":89}},"18":{"start":{"line":55,"column":12},"end":{"line":55,"column":19}},"19":{"start":{"line":58,"column":12},"end":{"line":71,"column":13}},"20":{"start":{"line":59,"column":16},"end":{"line":63,"column":19}},"21":{"start":{"line":64,"column":16},"end":{"line":64,"column":74}},"22":{"start":{"line":65,"column":19},"end":{"line":71,"column":13}},"23":{"start":{"line":66,"column":16},"end":{"line":69,"column":19}},"24":{"start":{"line":70,"column":16},"end":{"line":70,"column":74}},"25":{"start":{"line":74,"column":12},"end":{"line":77,"column":15}},"26":{"start":{"line":78,"column":12},"end":{"line":78,"column":69}},"27":{"start":{"line":83,"column":0},"end":{"line":83,"column":27}}},"fnMap":{"0":{"name":"(anonymous_0)","decl":{"start":{"line":9,"column":18},"end":{"line":9,"column":19}},"loc":{"start":{"line":9,"column":43},"end":{"line":81,"column":1}},"line":9},"1":{"name":"(anonymous_1)","decl":{"start":{"line":10,"column":11},"end":{"line":10,"column":12}},"loc":{"start":{"line":10,"column":37},"end":{"line":80,"column":5}},"line":10}},"branchMap":{"0":{"loc":{"start":{"line":9,"column":19},"end":{"line":9,"column":38}},"type":"default-arg","locations":[{"start":{"line":9,"column":34},"end":{"line":9,"column":38}}],"line":9},"1":{"loc":{"start":{"line":14,"column":12},"end":{"line":21,"column":13}},"type":"if","locations":[{"start":{"line":14,"column":12},"end":{"line":21,"column":13}},{"start":{},"end":{}}],"line":14},"2":{"loc":{"start":{"line":14,"column":16},"end":{"line":14,"column":64}},"type":"binary-expr","locations":[{"start":{"line":14,"column":16},"end":{"line":14,"column":27}},{"start":{"line":14,"column":31},"end":{"line":14,"column":64}}],"line":14},"3":{"loc":{"start":{"line":41,"column":12},"end":{"line":52,"column":13}},"type":"if","locations":[{"start":{"line":41,"column":12},"end":{"line":52,"column":13}},{"start":{},"end":{}}],"line":41},"4":{"loc":{"start":{"line":42,"column":30},"end":{"line":42,"column":89}},"type":"cond-expr","locations":[{"start":{"line":42,"column":60},"end":{"line":42,"column":72}},{"start":{"line":42,"column":75},"end":{"line":42,"column":89}}],"line":42},"5":{"loc":{"start":{"line":43,"column":16},"end":{"line":51,"column":17}},"type":"if","locations":[{"start":{"line":43,"column":16},"end":{"line":51,"column":17}},{"start":{},"end":{}}],"line":43},"6":{"loc":{"start":{"line":58,"column":12},"end":{"line":71,"column":13}},"type":"if","locations":[{"start":{"line":58,"column":12},"end":{"line":71,"column":13}},{"start":{"line":65,"column":19},"end":{"line":71,"column":13}}],"line":58},"7":{"loc":{"start":{"line":65,"column":19},"end":{"line":71,"column":13}},"type":"if","locations":[{"start":{"line":65,"column":19},"end":{"line":71,"column":13}},{"start":{},"end":{}}],"line":65}},"s":{"0":1,"1":1,"2":1,"3":6,"4":0,"5":0,"6":0,"7":0,"8":0,"9":0,"10":0,"11":0,"12":0,"13":0,"14":0,"15":0,"16":0,"17":0,"18":0,"19":0,"20":0,"21":0,"22":0,"23":0,"24":0,"25":0,"26":0,"27":1},"f":{"0":6,"1":0},"b":{"0":[6],"1":[0,0],"2":[0,0],"3":[0,0],"4":[0,0],"5":[0,0],"6":[0,0],"7":[0,0]},"_coverageSchema":"1a1c01bbd47fc00a2c39e90264f33305004495a9","hash":"b051a3a6826bc1024d2c4b89aa5fbc086e3e6c40"}
,"/mnt/d/Projects/Traveler_Bloggers_Platform/models/admin_logs.js": {"path":"/mnt/d/Projects/Traveler_Bloggers_Platform/models/admin_logs.js","statementMap":{"0":{"start":{"line":1,"column":18},"end":{"line":1,"column":38}},"1":{"start":{"line":2,"column":0},"end":{"line":32,"column":2}},"2":{"start":{"line":3,"column":2},"end":{"line":31,"column":5}}},"fnMap":{"0":{"name":"(anonymous_0)","decl":{"start":{"line":2,"column":17},"end":{"line":2,"column":18}},"loc":{"start":{"line":2,"column":49},"end":{"line":32,"column":1}},"line":2}},"branchMap":{},"s":{"0":1,"1":1,"2":2},"f":{"0":2},"b":{},"_coverageSchema":"1a1c01bbd47fc00a2c39e90264f33305004495a9","hash":"856170512734453891f50ce60aacdc8056f7b1c7"}
,"/mnt/d/Projects/Traveler_Bloggers_Platform/models/auditLog.js": {"path":"/mnt/d/Projects/Traveler_Bloggers_Platform/models/auditLog.js","statementMap":{"0":{"start":{"line":1,"column":0},"end":{"line":42,"column":2}},"1":{"start":{"line":2,"column":21},"end":{"line":39,"column":6}},"2":{"start":{"line":20,"column":33},"end":{"line":20,"column":61}},"3":{"start":{"line":21,"column":16},"end":{"line":21,"column":60}},"4":{"start":{"line":24,"column":16},"end":{"line":24,"column":68}},"5":{"start":{"line":41,"column":4},"end":{"line":41,"column":20}}},"fnMap":{"0":{"name":"(anonymous_0)","decl":{"start":{"line":1,"column":17},"end":{"line":1,"column":18}},"loc":{"start":{"line":1,"column":43},"end":{"line":42,"column":1}},"line":1},"1":{"name":"(anonymous_1)","decl":{"start":{"line":19,"column":12},"end":{"line":19,"column":13}},"loc":{"start":{"line":19,"column":18},"end":{"line":22,"column":13}},"line":19},"2":{"name":"(anonymous_2)","decl":{"start":{"line":23,"column":12},"end":{"line":23,"column":13}},"loc":{"start":{"line":23,"column":23},"end":{"line":25,"column":13}},"line":23}},"branchMap":{"0":{"loc":{"start":{"line":21,"column":23},"end":{"line":21,"column":59}},"type":"cond-expr","locations":[{"start":{"line":21,"column":34},"end":{"line":21,"column":54}},{"start":{"line":21,"column":57},"end":{"line":21,"column":59}}],"line":21}},"s":{"0":1,"1":1,"2":0,"3":0,"4":0,"5":1},"f":{"0":1,"1":0,"2":0},"b":{"0":[0,0]},"_coverageSchema":"1a1c01bbd47fc00a2c39e90264f33305004495a9","hash":"3c6cf42a72ec91d27046056c253e33d4f74d9cd7"}
,"/mnt/d/Projects/Traveler_Bloggers_Platform/models/blog_reactions.js": {"path":"/mnt/d/Projects/Traveler_Bloggers_Platform/models/blog_reactions.js","statementMap":{"0":{"start":{"line":1,"column":18},"end":{"line":1,"column":38}},"1":{"start":{"line":2,"column":0},"end":{"line":56,"column":2}},"2":{"start":{"line":3,"column":4},"end":{"line":55,"column":7}}},"fnMap":{"0":{"name":"(anonymous_0)","decl":{"start":{"line":2,"column":17},"end":{"line":2,"column":18}},"loc":{"start":{"line":2,"column":49},"end":{"line":56,"column":1}},"line":2}},"branchMap":{},"s":{"0":1,"1":1,"2":1},"f":{"0":1},"b":{},"_coverageSchema":"1a1c01bbd47fc00a2c39e90264f33305004495a9","hash":"4a6614fc5a63918bf94b8b22e8373466ba025f5f"}
,"/mnt/d/Projects/Traveler_Bloggers_Platform/models/blogs.js": {"path":"/mnt/d/Projects/Traveler_Bloggers_Platform/models/blogs.js","statementMap":{"0":{"start":{"line":1,"column":18},"end":{"line":1,"column":38}},"1":{"start":{"line":2,"column":0},"end":{"line":75,"column":2}},"2":{"start":{"line":3,"column":2},"end":{"line":74,"column":5}}},"fnMap":{"0":{"name":"(anonymous_0)","decl":{"start":{"line":2,"column":17},"end":{"line":2,"column":18}},"loc":{"start":{"line":2,"column":48},"end":{"line":75,"column":1}},"line":2}},"branchMap":{},"s":{"0":1,"1":1,"2":2},"f":{"0":2},"b":{},"_coverageSchema":"1a1c01bbd47fc00a2c39e90264f33305004495a9","hash":"941d235d0963c9c5f087ef3c59e0e8a566e5e3ff"}
,"/mnt/d/Projects/Traveler_Bloggers_Platform/models/comment_reactions.js": {"path":"/mnt/d/Projects/Traveler_Bloggers_Platform/models/comment_reactions.js","statementMap":{"0":{"start":{"line":1,"column":18},"end":{"line":1,"column":38}},"1":{"start":{"line":2,"column":0},"end":{"line":56,"column":2}},"2":{"start":{"line":3,"column":4},"end":{"line":55,"column":7}}},"fnMap":{"0":{"name":"(anonymous_0)","decl":{"start":{"line":2,"column":17},"end":{"line":2,"column":18}},"loc":{"start":{"line":2,"column":49},"end":{"line":56,"column":1}},"line":2}},"branchMap":{},"s":{"0":1,"1":1,"2":1},"f":{"0":1},"b":{},"_coverageSchema":"1a1c01bbd47fc00a2c39e90264f33305004495a9","hash":"6931c8a5a0b9275a4bedbbcc9167a5c9b0515995"}
,"/mnt/d/Projects/Traveler_Bloggers_Platform/models/comments.js": {"path":"/mnt/d/Projects/Traveler_Bloggers_Platform/models/comments.js","statementMap":{"0":{"start":{"line":1,"column":18},"end":{"line":1,"column":38}},"1":{"start":{"line":2,"column":0},"end":{"line":52,"column":2}},"2":{"start":{"line":3,"column":2},"end":{"line":51,"column":5}}},"fnMap":{"0":{"name":"(anonymous_0)","decl":{"start":{"line":2,"column":17},"end":{"line":2,"column":18}},"loc":{"start":{"line":2,"column":48},"end":{"line":52,"column":1}},"line":2}},"branchMap":{},"s":{"0":1,"1":1,"2":2},"f":{"0":2},"b":{},"_coverageSchema":"1a1c01bbd47fc00a2c39e90264f33305004495a9","hash":"ae38a3c7f305e1b51c7ab5b117184f8e5a251bb3"}
,"/mnt/d/Projects/Traveler_Bloggers_Platform/models/contact_messages.js": {"path":"/mnt/d/Projects/Traveler_Bloggers_Platform/models/contact_messages.js","statementMap":{"0":{"start":{"line":1,"column":18},"end":{"line":1,"column":38}},"1":{"start":{"line":2,"column":0},"end":{"line":41,"column":2}},"2":{"start":{"line":3,"column":2},"end":{"line":40,"column":5}}},"fnMap":{"0":{"name":"(anonymous_0)","decl":{"start":{"line":2,"column":17},"end":{"line":2,"column":18}},"loc":{"start":{"line":2,"column":48},"end":{"line":41,"column":1}},"line":2}},"branchMap":{},"s":{"0":1,"1":1,"2":2},"f":{"0":2},"b":{},"_coverageSchema":"1a1c01bbd47fc00a2c39e90264f33305004495a9","hash":"7960e208077bc87b1e1c6e5234cf18bd25d78f9b"}
,"/mnt/d/Projects/Traveler_Bloggers_Platform/models/events.js": {"path":"/mnt/d/Projects/Traveler_Bloggers_Platform/models/events.js","statementMap":{"0":{"start":{"line":1,"column":18},"end":{"line":1,"column":38}},"1":{"start":{"line":2,"column":0},"end":{"line":54,"column":2}},"2":{"start":{"line":3,"column":2},"end":{"line":53,"column":5}}},"fnMap":{"0":{"name":"(anonymous_0)","decl":{"start":{"line":2,"column":17},"end":{"line":2,"column":18}},"loc":{"start":{"line":2,"column":48},"end":{"line":54,"column":1}},"line":2}},"branchMap":{},"s":{"0":1,"1":1,"2":2},"f":{"0":2},"b":{},"_coverageSchema":"1a1c01bbd47fc00a2c39e90264f33305004495a9","hash":"5576ea2a5d7855399b92d63d8ec1889c0fd7cd19"}
,"/mnt/d/Projects/Traveler_Bloggers_Platform/models/followers.js": {"path":"/mnt/d/Projects/Traveler_Bloggers_Platform/models/followers.js","statementMap":{"0":{"start":{"line":1,"column":18},"end":{"line":1,"column":38}},"1":{"start":{"line":2,"column":0},"end":{"line":40,"column":2}},"2":{"start":{"line":3,"column":2},"end":{"line":39,"column":5}}},"fnMap":{"0":{"name":"(anonymous_0)","decl":{"start":{"line":2,"column":17},"end":{"line":2,"column":18}},"loc":{"start":{"line":2,"column":48},"end":{"line":40,"column":1}},"line":2}},"branchMap":{},"s":{"0":1,"1":1,"2":2},"f":{"0":2},"b":{},"_coverageSchema":"1a1c01bbd47fc00a2c39e90264f33305004495a9","hash":"8cc9644bdc8e162be5310fa7706bf11c6c226540"}
,"/mnt/d/Projects/Traveler_Bloggers_Platform/models/guest_users.js": {"path":"/mnt/d/Projects/Traveler_Bloggers_Platform/models/guest_users.js","statementMap":{"0":{"start":{"line":1,"column":18},"end":{"line":1,"column":38}},"1":{"start":{"line":2,"column":0},"end":{"line":42,"column":2}},"2":{"start":{"line":3,"column":2},"end":{"line":41,"column":5}}},"fnMap":{"0":{"name":"(anonymous_0)","decl":{"start":{"line":2,"column":17},"end":{"line":2,"column":18}},"loc":{"start":{"line":2,"column":48},"end":{"line":42,"column":1}},"line":2}},"branchMap":{},"s":{"0":1,"1":1,"2":2},"f":{"0":2},"b":{},"_coverageSchema":"1a1c01bbd47fc00a2c39e90264f33305004495a9","hash":"10a97e4fd17d1ca36c087d3993e0f59514f6c57e"}
,"/mnt/d/Projects/Traveler_Bloggers_Platform/models/init-models.js": {"path":"/mnt/d/Projects/Traveler_Bloggers_Platform/models/init-models.js","statementMap":{"0":{"start":{"line":1,"column":16},"end":{"line":1,"column":46}},"1":{"start":{"line":2,"column":18},"end":{"line":2,"column":41}},"2":{"start":{"line":3,"column":13},"end":{"line":3,"column":31}},"3":{"start":{"line":4,"column":16},"end":{"line":4,"column":37}},"4":{"start":{"line":5,"column":24},"end":{"line":5,"column":53}},"5":{"start":{"line":6,"column":14},"end":{"line":6,"column":33}},"6":{"start":{"line":7,"column":17},"end":{"line":7,"column":39}},"7":{"start":{"line":8,"column":19},"end":{"line":8,"column":43}},"8":{"start":{"line":9,"column":21},"end":{"line":9,"column":47}},"9":{"start":{"line":10,"column":13},"end":{"line":10,"column":31}},"10":{"start":{"line":11,"column":17},"end":{"line":11,"column":39}},"11":{"start":{"line":12,"column":20},"end":{"line":12,"column":45}},"12":{"start":{"line":13,"column":16},"end":{"line":13,"column":37}},"13":{"start":{"line":14,"column":21},"end":{"line":14,"column":47}},"14":{"start":{"line":15,"column":13},"end":{"line":15,"column":31}},"15":{"start":{"line":18,"column":19},"end":{"line":18,"column":52}},"16":{"start":{"line":19,"column":14},"end":{"line":19,"column":42}},"17":{"start":{"line":20,"column":17},"end":{"line":20,"column":48}},"18":{"start":{"line":21,"column":25},"end":{"line":21,"column":64}},"19":{"start":{"line":22,"column":15},"end":{"line":22,"column":44}},"20":{"start":{"line":23,"column":18},"end":{"line":23,"column":50}},"21":{"start":{"line":24,"column":20},"end":{"line":24,"column":54}},"22":{"start":{"line":25,"column":22},"end":{"line":25,"column":58}},"23":{"start":{"line":26,"column":14},"end":{"line":26,"column":42}},"24":{"start":{"line":27,"column":18},"end":{"line":27,"column":50}},"25":{"start":{"line":28,"column":21},"end":{"line":28,"column":56}},"26":{"start":{"line":29,"column":17},"end":{"line":29,"column":48}},"27":{"start":{"line":30,"column":22},"end":{"line":30,"column":58}},"28":{"start":{"line":31,"column":14},"end":{"line":31,"column":42}},"29":{"start":{"line":33,"column":2},"end":{"line":33,"column":66}},"30":{"start":{"line":34,"column":2},"end":{"line":34,"column":68}},"31":{"start":{"line":35,"column":2},"end":{"line":35,"column":67}},"32":{"start":{"line":36,"column":2},"end":{"line":36,"column":70}},"33":{"start":{"line":37,"column":2},"end":{"line":37,"column":76}},"34":{"start":{"line":38,"column":2},"end":{"line":38,"column":76}},"35":{"start":{"line":39,"column":2},"end":{"line":39,"column":66}},"36":{"start":{"line":40,"column":2},"end":{"line":40,"column":68}},"37":{"start":{"line":41,"column":2},"end":{"line":41,"column":67}},"38":{"start":{"line":42,"column":2},"end":{"line":42,"column":70}},"39":{"start":{"line":43,"column":2},"end":{"line":43,"column":78}},"40":{"start":{"line":44,"column":2},"end":{"line":44,"column":83}},"41":{"start":{"line":45,"column":2},"end":{"line":45,"column":70}},"42":{"start":{"line":46,"column":2},"end":{"line":46,"column":73}},"43":{"start":{"line":47,"column":2},"end":{"line":47,"column":67}},"44":{"start":{"line":48,"column":2},"end":{"line":48,"column":64}},"45":{"start":{"line":49,"column":2},"end":{"line":49,"column":66}},"46":{"start":{"line":50,"column":2},"end":{"line":50,"column":68}},"47":{"start":{"line":51,"column":2},"end":{"line":51,"column":74}},"48":{"start":{"line":52,"column":2},"end":{"line":52,"column":84}},"49":{"start":{"line":53,"column":2},"end":{"line":53,"column":78}},"50":{"start":{"line":54,"column":2},"end":{"line":54,"column":67}},"51":{"start":{"line":55,"column":2},"end":{"line":55,"column":75}},"52":{"start":{"line":56,"column":2},"end":{"line":56,"column":74}},"53":{"start":{"line":57,"column":2},"end":{"line":57,"column":77}},"54":{"start":{"line":58,"column":2},"end":{"line":58,"column":85}},"55":{"start":{"line":59,"column":2},"end":{"line":59,"column":71}},"56":{"start":{"line":60,"column":2},"end":{"line":60,"column":78}},"57":{"start":{"line":61,"column":2},"end":{"line":61,"column":63}},"58":{"start":{"line":62,"column":2},"end":{"line":62,"column":62}},"59":{"start":{"line":63,"column":2},"end":{"line":63,"column":67}},"60":{"start":{"line":64,"column":2},"end":{"line":64,"column":70}},"61":{"start":{"line":65,"column":2},"end":{"line":65,"column":70}},"62":{"start":{"line":66,"column":2},"end":{"line":66,"column":76}},"63":{"start":{"line":67,"column":2},"end":{"line":67,"column":71}},"64":{"start":{"line":68,"column":2},"end":{"line":68,"column":78}},"65":{"start":{"line":70,"column":2},"end":{"line":85,"column":4}},"66":{"start":{"line":87,"column":0},"end":{"line":87,"column":28}},"67":{"start":{"line":88,"column":0},"end":{"line":88,"column":39}},"68":{"start":{"line":89,"column":0},"end":{"line":89,"column":36}}},"fnMap":{"0":{"name":"initModels","decl":{"start":{"line":17,"column":9},"end":{"line":17,"column":19}},"loc":{"start":{"line":17,"column":31},"end":{"line":86,"column":1}},"line":17}},"branchMap":{},"s":{"0":1,"1":1,"2":1,"3":1,"4":1,"5":1,"6":1,"7":1,"8":1,"9":1,"10":1,"11":1,"12":1,"13":1,"14":1,"15":1,"16":1,"17":1,"18":1,"19":1,"20":1,"21":1,"22":1,"23":1,"24":1,"25":1,"26":1,"27":1,"28":1,"29":1,"30":1,"31":1,"32":1,"33":1,"34":1,"35":1,"36":1,"37":1,"38":1,"39":1,"40":1,"41":1,"42":1,"43":1,"44":1,"45":1,"46":1,"47":1,"48":1,"49":1,"50":1,"51":1,"52":1,"53":1,"54":1,"55":1,"56":1,"57":1,"58":1,"59":1,"60":1,"61":1,"62":1,"63":1,"64":1,"65":1,"66":1,"67":1,"68":1},"f":{"0":1},"b":{},"_coverageSchema":"1a1c01bbd47fc00a2c39e90264f33305004495a9","hash":"d6d5c70f4e27afa6f1b86d470db35baa17bce3f3"}
,"/mnt/d/Projects/Traveler_Bloggers_Platform/models/notifications.js": {"path":"/mnt/d/Projects/Traveler_Bloggers_Platform/models/notifications.js","statementMap":{"0":{"start":{"line":1,"column":18},"end":{"line":1,"column":38}},"1":{"start":{"line":2,"column":0},"end":{"line":40,"column":2}},"2":{"start":{"line":3,"column":2},"end":{"line":39,"column":5}}},"fnMap":{"0":{"name":"(anonymous_0)","decl":{"start":{"line":2,"column":17},"end":{"line":2,"column":18}},"loc":{"start":{"line":2,"column":48},"end":{"line":40,"column":1}},"line":2}},"branchMap":{},"s":{"0":1,"1":1,"2":2},"f":{"0":2},"b":{},"_coverageSchema":"1a1c01bbd47fc00a2c39e90264f33305004495a9","hash":"d9d8b4e252c5440630c683cf734994fef9a1410c"}
,"/mnt/d/Projects/Traveler_Bloggers_Platform/models/permissions.js": {"path":"/mnt/d/Projects/Traveler_Bloggers_Platform/models/permissions.js","statementMap":{"0":{"start":{"line":1,"column":18},"end":{"line":1,"column":38}},"1":{"start":{"line":2,"column":0},"end":{"line":23,"column":2}},"2":{"start":{"line":3,"column":4},"end":{"line":22,"column":7}}},"fnMap":{"0":{"name":"(anonymous_0)","decl":{"start":{"line":2,"column":17},"end":{"line":2,"column":18}},"loc":{"start":{"line":2,"column":49},"end":{"line":23,"column":1}},"line":2}},"branchMap":{},"s":{"0":1,"1":1,"2":1},"f":{"0":1},"b":{},"_coverageSchema":"1a1c01bbd47fc00a2c39e90264f33305004495a9","hash":"b0a45e5cb0f0ba2145a4813d63d6ae26966a9e3d"}
,"/mnt/d/Projects/Traveler_Bloggers_Platform/models/post_reactions.js": {"path":"/mnt/d/Projects/Traveler_Bloggers_Platform/models/post_reactions.js","statementMap":{"0":{"start":{"line":1,"column":18},"end":{"line":1,"column":38}},"1":{"start":{"line":2,"column":0},"end":{"line":56,"column":2}},"2":{"start":{"line":3,"column":4},"end":{"line":55,"column":7}}},"fnMap":{"0":{"name":"(anonymous_0)","decl":{"start":{"line":2,"column":17},"end":{"line":2,"column":18}},"loc":{"start":{"line":2,"column":49},"end":{"line":56,"column":1}},"line":2}},"branchMap":{},"s":{"0":1,"1":1,"2":1},"f":{"0":1},"b":{},"_coverageSchema":"1a1c01bbd47fc00a2c39e90264f33305004495a9","hash":"82d0fa9c9cc4aeae501c84d23b715c1436e879ad"}
,"/mnt/d/Projects/Traveler_Bloggers_Platform/models/posts.js": {"path":"/mnt/d/Projects/Traveler_Bloggers_Platform/models/posts.js","statementMap":{"0":{"start":{"line":1,"column":18},"end":{"line":1,"column":38}},"1":{"start":{"line":2,"column":0},"end":{"line":45,"column":2}},"2":{"start":{"line":3,"column":2},"end":{"line":44,"column":5}}},"fnMap":{"0":{"name":"(anonymous_0)","decl":{"start":{"line":2,"column":17},"end":{"line":2,"column":18}},"loc":{"start":{"line":2,"column":48},"end":{"line":45,"column":1}},"line":2}},"branchMap":{},"s":{"0":1,"1":1,"2":2},"f":{"0":2},"b":{},"_coverageSchema":"1a1c01bbd47fc00a2c39e90264f33305004495a9","hash":"3267fc68882ecaa0ea72dd20a78241b2c5d0c2ea"}
,"/mnt/d/Projects/Traveler_Bloggers_Platform/models/reactions.js": {"path":"/mnt/d/Projects/Traveler_Bloggers_Platform/models/reactions.js","statementMap":{"0":{"start":{"line":1,"column":18},"end":{"line":1,"column":38}},"1":{"start":{"line":2,"column":0},"end":{"line":60,"column":2}},"2":{"start":{"line":3,"column":2},"end":{"line":59,"column":5}}},"fnMap":{"0":{"name":"(anonymous_0)","decl":{"start":{"line":2,"column":17},"end":{"line":2,"column":18}},"loc":{"start":{"line":2,"column":48},"end":{"line":60,"column":1}},"line":2}},"branchMap":{},"s":{"0":1,"1":1,"2":2},"f":{"0":2},"b":{},"_coverageSchema":"1a1c01bbd47fc00a2c39e90264f33305004495a9","hash":"043f2761a0ca3e9b0ff86d29a317d2ed7f2ae89e"}
,"/mnt/d/Projects/Traveler_Bloggers_Platform/models/sessions.js": {"path":"/mnt/d/Projects/Traveler_Bloggers_Platform/models/sessions.js","statementMap":{"0":{"start":{"line":1,"column":18},"end":{"line":1,"column":38}},"1":{"start":{"line":2,"column":0},"end":{"line":94,"column":2}},"2":{"start":{"line":3,"column":4},"end":{"line":93,"column":7}}},"fnMap":{"0":{"name":"(anonymous_0)","decl":{"start":{"line":2,"column":17},"end":{"line":2,"column":18}},"loc":{"start":{"line":2,"column":49},"end":{"line":94,"column":1}},"line":2}},"branchMap":{},"s":{"0":1,"1":1,"2":1},"f":{"0":1},"b":{},"_coverageSchema":"1a1c01bbd47fc00a2c39e90264f33305004495a9","hash":"cc9c39dfcaf45276f41eb7de7d150ea7e5930c79"}
,"/mnt/d/Projects/Traveler_Bloggers_Platform/models/travel_plans.js": {"path":"/mnt/d/Projects/Traveler_Bloggers_Platform/models/travel_plans.js","statementMap":{"0":{"start":{"line":1,"column":18},"end":{"line":1,"column":38}},"1":{"start":{"line":2,"column":0},"end":{"line":53,"column":2}},"2":{"start":{"line":3,"column":2},"end":{"line":52,"column":5}}},"fnMap":{"0":{"name":"(anonymous_0)","decl":{"start":{"line":2,"column":17},"end":{"line":2,"column":18}},"loc":{"start":{"line":2,"column":48},"end":{"line":53,"column":1}},"line":2}},"branchMap":{},"s":{"0":1,"1":1,"2":2},"f":{"0":2},"b":{},"_coverageSchema":"1a1c01bbd47fc00a2c39e90264f33305004495a9","hash":"899af8fb54ab5fd97d938d980b38019faf500a66"}
,"/mnt/d/Projects/Traveler_Bloggers_Platform/models/trophies.js": {"path":"/mnt/d/Projects/Traveler_Bloggers_Platform/models/trophies.js","statementMap":{"0":{"start":{"line":1,"column":18},"end":{"line":1,"column":38}},"1":{"start":{"line":2,"column":0},"end":{"line":36,"column":2}},"2":{"start":{"line":3,"column":2},"end":{"line":35,"column":5}}},"fnMap":{"0":{"name":"(anonymous_0)","decl":{"start":{"line":2,"column":17},"end":{"line":2,"column":18}},"loc":{"start":{"line":2,"column":48},"end":{"line":36,"column":1}},"line":2}},"branchMap":{},"s":{"0":1,"1":1,"2":2},"f":{"0":2},"b":{},"_coverageSchema":"1a1c01bbd47fc00a2c39e90264f33305004495a9","hash":"20ea3f810a43b85af05a7b12e7286f4e7d310527"}
,"/mnt/d/Projects/Traveler_Bloggers_Platform/models/user_trophies.js": {"path":"/mnt/d/Projects/Traveler_Bloggers_Platform/models/user_trophies.js","statementMap":{"0":{"start":{"line":1,"column":18},"end":{"line":1,"column":38}},"1":{"start":{"line":2,"column":0},"end":{"line":49,"column":2}},"2":{"start":{"line":3,"column":2},"end":{"line":48,"column":5}}},"fnMap":{"0":{"name":"(anonymous_0)","decl":{"start":{"line":2,"column":17},"end":{"line":2,"column":18}},"loc":{"start":{"line":2,"column":48},"end":{"line":49,"column":1}},"line":2}},"branchMap":{},"s":{"0":1,"1":1,"2":2},"f":{"0":2},"b":{},"_coverageSchema":"1a1c01bbd47fc00a2c39e90264f33305004495a9","hash":"e434961439ff82f79bb355150f217b6a21214a34"}
,"/mnt/d/Projects/Traveler_Bloggers_Platform/models/users.js": {"path":"/mnt/d/Projects/Traveler_Bloggers_Platform/models/users.js","statementMap":{"0":{"start":{"line":1,"column":18},"end":{"line":1,"column":38}},"1":{"start":{"line":2,"column":0},"end":{"line":111,"column":2}},"2":{"start":{"line":3,"column":2},"end":{"line":110,"column":5}},"3":{"start":{"line":78,"column":6},"end":{"line":81,"column":9}}},"fnMap":{"0":{"name":"(anonymous_0)","decl":{"start":{"line":2,"column":17},"end":{"line":2,"column":18}},"loc":{"start":{"line":2,"column":49},"end":{"line":111,"column":1}},"line":2},"1":{"name":"(anonymous_1)","decl":{"start":{"line":77,"column":15},"end":{"line":77,"column":16}},"loc":{"start":{"line":77,"column":33},"end":{"line":82,"column":5}},"line":77}},"branchMap":{},"s":{"0":1,"1":1,"2":2,"3":0},"f":{"0":2,"1":0},"b":{},"_coverageSchema":"1a1c01bbd47fc00a2c39e90264f33305004495a9","hash":"65a48d8d1805f1f4ff4c17ab552048896c8b7544"}
,"/mnt/d/Projects/Traveler_Bloggers_Platform/routes/adminRoutes.js": {"path":"/mnt/d/Projects/Traveler_Bloggers_Platform/routes/adminRoutes.js","statementMap":{"0":{"start":{"line":1,"column":16},"end":{"line":1,"column":34}},"1":{"start":{"line":2,"column":15},"end":{"line":2,"column":31}},"2":{"start":{"line":3,"column":21},"end":{"line":3,"column":56}},"3":{"start":{"line":4,"column":18},"end":{"line":4,"column":57}},"4":{"start":{"line":5,"column":15},"end":{"line":5,"column":41}},"5":{"start":{"line":7,"column":21},"end":{"line":7,"column":39}},"6":{"start":{"line":10,"column":0},"end":{"line":29,"column":3}},"7":{"start":{"line":11,"column":4},"end":{"line":28,"column":5}},"8":{"start":{"line":12,"column":41},"end":{"line":12,"column":50}},"9":{"start":{"line":13,"column":22},"end":{"line":13,"column":65}},"10":{"start":{"line":14,"column":8},"end":{"line":20,"column":11}},"11":{"start":{"line":22,"column":8},"end":{"line":22,"column":65}},"12":{"start":{"line":23,"column":8},"end":{"line":27,"column":11}},"13":{"start":{"line":32,"column":0},"end":{"line":60,"column":3}},"14":{"start":{"line":33,"column":4},"end":{"line":59,"column":5}},"15":{"start":{"line":34,"column":23},"end":{"line":34,"column":33}},"16":{"start":{"line":35,"column":25},"end":{"line":35,"column":33}},"17":{"start":{"line":37,"column":8},"end":{"line":42,"column":9}},"18":{"start":{"line":38,"column":12},"end":{"line":41,"column":15}},"19":{"start":{"line":44,"column":21},"end":{"line":44,"column":64}},"20":{"start":{"line":45,"column":8},"end":{"line":52,"column":11}},"21":{"start":{"line":54,"column":8},"end":{"line":54,"column":65}},"22":{"start":{"line":55,"column":8},"end":{"line":58,"column":11}},"23":{"start":{"line":63,"column":0},"end":{"line":82,"column":3}},"24":{"start":{"line":64,"column":4},"end":{"line":81,"column":5}},"25":{"start":{"line":65,"column":23},"end":{"line":65,"column":33}},"26":{"start":{"line":66,"column":21},"end":{"line":66,"column":60}},"27":{"start":{"line":67,"column":8},"end":{"line":74,"column":11}},"28":{"start":{"line":76,"column":8},"end":{"line":76,"column":67}},"29":{"start":{"line":77,"column":8},"end":{"line":80,"column":11}},"30":{"start":{"line":85,"column":0},"end":{"line":109,"column":3}},"31":{"start":{"line":86,"column":4},"end":{"line":108,"column":5}},"32":{"start":{"line":87,"column":38},"end":{"line":87,"column":46}},"33":{"start":{"line":89,"column":8},"end":{"line":94,"column":9}},"34":{"start":{"line":90,"column":12},"end":{"line":93,"column":15}},"35":{"start":{"line":96,"column":27},"end":{"line":96,"column":85}},"36":{"start":{"line":97,"column":8},"end":{"line":101,"column":11}},"37":{"start":{"line":103,"column":8},"end":{"line":103,"column":66}},"38":{"start":{"line":104,"column":8},"end":{"line":107,"column":11}},"39":{"start":{"line":111,"column":0},"end":{"line":111,"column":24}}},"fnMap":{"0":{"name":"(anonymous_0)","decl":{"start":{"line":10,"column":41},"end":{"line":10,"column":42}},"loc":{"start":{"line":10,"column":61},"end":{"line":29,"column":1}},"line":10},"1":{"name":"(anonymous_1)","decl":{"start":{"line":32,"column":56},"end":{"line":32,"column":57}},"loc":{"start":{"line":32,"column":76},"end":{"line":60,"column":1}},"line":32},"2":{"name":"(anonymous_2)","decl":{"start":{"line":63,"column":52},"end":{"line":63,"column":53}},"loc":{"start":{"line":63,"column":72},"end":{"line":82,"column":1}},"line":63},"3":{"name":"(anonymous_3)","decl":{"start":{"line":85,"column":54},"end":{"line":85,"column":55}},"loc":{"start":{"line":85,"column":74},"end":{"line":109,"column":1}},"line":85}},"branchMap":{"0":{"loc":{"start":{"line":12,"column":16},"end":{"line":12,"column":24}},"type":"default-arg","locations":[{"start":{"line":12,"column":23},"end":{"line":12,"column":24}}],"line":12},"1":{"loc":{"start":{"line":12,"column":26},"end":{"line":12,"column":36}},"type":"default-arg","locations":[{"start":{"line":12,"column":34},"end":{"line":12,"column":36}}],"line":12},"2":{"loc":{"start":{"line":37,"column":8},"end":{"line":42,"column":9}},"type":"if","locations":[{"start":{"line":37,"column":8},"end":{"line":42,"column":9}},{"start":{},"end":{}}],"line":37},"3":{"loc":{"start":{"line":89,"column":8},"end":{"line":94,"column":9}},"type":"if","locations":[{"start":{"line":89,"column":8},"end":{"line":94,"column":9}},{"start":{},"end":{}}],"line":89}},"s":{"0":1,"1":1,"2":1,"3":1,"4":1,"5":1,"6":1,"7":0,"8":0,"9":0,"10":0,"11":0,"12":0,"13":1,"14":0,"15":0,"16":0,"17":0,"18":0,"19":0,"20":0,"21":0,"22":0,"23":1,"24":0,"25":0,"26":0,"27":0,"28":0,"29":0,"30":1,"31":0,"32":0,"33":0,"34":0,"35":0,"36":0,"37":0,"38":0,"39":1},"f":{"0":0,"1":0,"2":0,"3":0},"b":{"0":[0],"1":[0],"2":[0,0],"3":[0,0]},"_coverageSchema":"1a1c01bbd47fc00a2c39e90264f33305004495a9","hash":"47dae262290ef77b2ebe6d71c6b908aad7ad7670"}
,"/mnt/d/Projects/Traveler_Bloggers_Platform/routes/authRoutes.js": {"path":"/mnt/d/Projects/Traveler_Bloggers_Platform/routes/authRoutes.js","statementMap":{"0":{"start":{"line":1,"column":16},"end":{"line":1,"column":34}},"1":{"start":{"line":2,"column":17},"end":{"line":2,"column":36}},"2":{"start":{"line":3,"column":15},"end":{"line":3,"column":31}},"3":{"start":{"line":4,"column":18},"end":{"line":4,"column":48}},"4":{"start":{"line":5,"column":29},"end":{"line":5,"column":66}},"5":{"start":{"line":6,"column":44},"end":{"line":6,"column":78}},"6":{"start":{"line":7,"column":18},"end":{"line":7,"column":53}},"7":{"start":{"line":8,"column":23},"end":{"line":8,"column":64}},"8":{"start":{"line":33,"column":0},"end":{"line":33,"column":112}},"9":{"start":{"line":55,"column":0},"end":{"line":55,"column":103}},"10":{"start":{"line":74,"column":0},"end":{"line":77,"column":3}},"11":{"start":{"line":75,"column":21},"end":{"line":75,"column":40}},"12":{"start":{"line":76,"column":4},"end":{"line":76,"column":52}},"13":{"start":{"line":98,"column":0},"end":{"line":105,"column":2}},"14":{"start":{"line":101,"column":25},"end":{"line":101,"column":44}},"15":{"start":{"line":102,"column":8},"end":{"line":102,"column":87}},"16":{"start":{"line":123,"column":0},"end":{"line":123,"column":112}},"17":{"start":{"line":141,"column":0},"end":{"line":141,"column":102}},"18":{"start":{"line":163,"column":0},"end":{"line":163,"column":85}},"19":{"start":{"line":183,"column":0},"end":{"line":183,"column":110}},"20":{"start":{"line":185,"column":0},"end":{"line":185,"column":24}}},"fnMap":{"0":{"name":"(anonymous_0)","decl":{"start":{"line":74,"column":30},"end":{"line":74,"column":31}},"loc":{"start":{"line":74,"column":50},"end":{"line":77,"column":1}},"line":74},"1":{"name":"(anonymous_1)","decl":{"start":{"line":100,"column":4},"end":{"line":100,"column":5}},"loc":{"start":{"line":100,"column":24},"end":{"line":103,"column":5}},"line":100}},"branchMap":{},"s":{"0":1,"1":1,"2":1,"3":1,"4":1,"5":1,"6":1,"7":1,"8":1,"9":1,"10":1,"11":0,"12":0,"13":1,"14":0,"15":0,"16":1,"17":1,"18":1,"19":1,"20":1},"f":{"0":0,"1":0},"b":{},"_coverageSchema":"1a1c01bbd47fc00a2c39e90264f33305004495a9","hash":"4cd820a933e0c33fe56f7bb7594189e17620bd55"}
,"/mnt/d/Projects/Traveler_Bloggers_Platform/routes/sessionRoutes.js": {"path":"/mnt/d/Projects/Traveler_Bloggers_Platform/routes/sessionRoutes.js","statementMap":{"0":{"start":{"line":1,"column":16},"end":{"line":1,"column":34}},"1":{"start":{"line":2,"column":15},"end":{"line":2,"column":31}},"2":{"start":{"line":3,"column":18},"end":{"line":3,"column":53}},"3":{"start":{"line":4,"column":18},"end":{"line":4,"column":48}},"4":{"start":{"line":5,"column":23},"end":{"line":5,"column":64}},"5":{"start":{"line":26,"column":0},"end":{"line":26,"column":85}},"6":{"start":{"line":46,"column":0},"end":{"line":46,"column":91}},"7":{"start":{"line":66,"column":0},"end":{"line":66,"column":101}},"8":{"start":{"line":68,"column":0},"end":{"line":68,"column":24}}},"fnMap":{},"branchMap":{},"s":{"0":1,"1":1,"2":1,"3":1,"4":1,"5":1,"6":1,"7":1,"8":1},"f":{},"b":{},"_coverageSchema":"1a1c01bbd47fc00a2c39e90264f33305004495a9","hash":"d6ceb28c1987782f60243699889b0a85d9feccf2"}
,"/mnt/d/Projects/Traveler_Bloggers_Platform/routes/testEmailRoute.js": {"path":"/mnt/d/Projects/Traveler_Bloggers_Platform/routes/testEmailRoute.js","statementMap":{"0":{"start":{"line":1,"column":16},"end":{"line":1,"column":34}},"1":{"start":{"line":2,"column":15},"end":{"line":2,"column":31}},"2":{"start":{"line":3,"column":20},"end":{"line":3,"column":51}},"3":{"start":{"line":6,"column":0},"end":{"line":9,"column":3}},"4":{"start":{"line":7,"column":4},"end":{"line":7,"column":65}},"5":{"start":{"line":8,"column":4},"end":{"line":8,"column":11}},"6":{"start":{"line":12,"column":0},"end":{"line":38,"column":3}},"7":{"start":{"line":13,"column":4},"end":{"line":37,"column":5}},"8":{"start":{"line":14,"column":26},"end":{"line":14,"column":73}},"9":{"start":{"line":15,"column":25},"end":{"line":19,"column":9}},"10":{"start":{"line":20,"column":32},"end":{"line":24,"column":10}},"11":{"start":{"line":26,"column":8},"end":{"line":32,"column":10}},"12":{"start":{"line":33,"column":8},"end":{"line":33,"column":76}},"13":{"start":{"line":35,"column":8},"end":{"line":35,"column":51}},"14":{"start":{"line":36,"column":8},"end":{"line":36,"column":68}},"15":{"start":{"line":41,"column":0},"end":{"line":61,"column":3}},"16":{"start":{"line":42,"column":4},"end":{"line":60,"column":5}},"17":{"start":{"line":43,"column":26},"end":{"line":43,"column":73}},"18":{"start":{"line":44,"column":26},"end":{"line":44,"column":118}},"19":{"start":{"line":46,"column":38},"end":{"line":46,"column":88}},"20":{"start":{"line":48,"column":8},"end":{"line":54,"column":10}},"21":{"start":{"line":56,"column":8},"end":{"line":56,"column":83}},"22":{"start":{"line":58,"column":8},"end":{"line":58,"column":60}},"23":{"start":{"line":59,"column":8},"end":{"line":59,"column":77}},"24":{"start":{"line":63,"column":0},"end":{"line":63,"column":24}}},"fnMap":{"0":{"name":"(anonymous_0)","decl":{"start":{"line":6,"column":11},"end":{"line":6,"column":12}},"loc":{"start":{"line":6,"column":31},"end":{"line":9,"column":1}},"line":6},"1":{"name":"(anonymous_1)","decl":{"start":{"line":12,"column":16},"end":{"line":12,"column":17}},"loc":{"start":{"line":12,"column":36},"end":{"line":38,"column":1}},"line":12},"2":{"name":"(anonymous_2)","decl":{"start":{"line":41,"column":35},"end":{"line":41,"column":36}},"loc":{"start":{"line":41,"column":55},"end":{"line":61,"column":1}},"line":41}},"branchMap":{"0":{"loc":{"start":{"line":14,"column":26},"end":{"line":14,"column":73}},"type":"binary-expr","locations":[{"start":{"line":14,"column":26},"end":{"line":14,"column":48}},{"start":{"line":14,"column":52},"end":{"line":14,"column":73}}],"line":14},"1":{"loc":{"start":{"line":43,"column":26},"end":{"line":43,"column":73}},"type":"binary-expr","locations":[{"start":{"line":43,"column":26},"end":{"line":43,"column":48}},{"start":{"line":43,"column":52},"end":{"line":43,"column":73}}],"line":43},"2":{"loc":{"start":{"line":44,"column":29},"end":{"line":44,"column":80}},"type":"binary-expr","locations":[{"start":{"line":44,"column":29},"end":{"line":44,"column":53}},{"start":{"line":44,"column":57},"end":{"line":44,"column":80}}],"line":44}},"s":{"0":1,"1":1,"2":1,"3":1,"4":0,"5":0,"6":1,"7":0,"8":0,"9":0,"10":0,"11":0,"12":0,"13":0,"14":0,"15":1,"16":0,"17":0,"18":0,"19":0,"20":0,"21":0,"22":0,"23":0,"24":1},"f":{"0":0,"1":0,"2":0},"b":{"0":[0,0],"1":[0,0],"2":[0,0]},"_coverageSchema":"1a1c01bbd47fc00a2c39e90264f33305004495a9","hash":"ca361ac136cca10a1585da20206093f3123070f5"}
[...]
"line":423,"column":13}},{"start":{},"end":{}}],"line":421},"42":{"loc":{"start":{"line":425,"column":12},"end":{"line":427,"column":13}},"type":"if","locations":[{"start":{"line":425,"column":12},"end":{"line":427,"column":13}},{"start":{},"end":{}}],"line":425},"43":{"loc":{"start":{"line":429,"column":12},"end":{"line":431,"column":13}},"type":"if","locations":[{"start":{"line":429,"column":12},"end":{"line":431,"column":13}},{"start":{},"end":{}}],"line":429},"44":{"loc":{"start":{"line":438,"column":26},"end":{"line":438,"column":131}},"type":"cond-expr","locations":[{"start":{"line":438,"column":46},"end":{"line":438,"column":54}},{"start":{"line":438,"column":57},"end":{"line":438,"column":131}}],"line":438},"45":{"loc":{"start":{"line":438,"column":57},"end":{"line":438,"column":131}},"type":"cond-expr","locations":[{"start":{"line":438,"column":79},"end":{"line":438,"column":89}},{"start":{"line":438,"column":92},"end":{"line":438,"column":131}}],"line":438},"46":{"loc":{"start":{"line":438,"column":92},"end":{"line":438,"column":131}},"type":"cond-expr","locations":[{"start":{"line":438,"column":113},"end":{"line":438,"column":122}},{"start":{"line":438,"column":125},"end":{"line":438,"column":131}}],"line":438},"47":{"loc":{"start":{"line":501,"column":12},"end":{"line":503,"column":13}},"type":"if","locations":[{"start":{"line":501,"column":12},"end":{"line":503,"column":13}},{"start":{},"end":{}}],"line":501}},"s":{"0":1,"1":1,"2":1,"3":1,"4":1,"5":1,"6":1,"7":1,"8":1,"9":1,"10":1,"11":1,"12":1,"13":1,"14":1,"15":1,"16":1,"17":1,"18":1,"19":0,"20":0,"21":0,"22":0,"23":0,"24":0,"25":0,"26":0,"27":0,"28":0,"29":0,"30":0,"31":0,"32":0,"33":0,"34":0,"35":0,"36":0,"37":0,"38":0,"39":0,"40":0,"41":0,"42":0,"43":0,"44":0,"45":0,"46":0,"47":0,"48":0,"49":0,"50":0,"51":0,"52":0,"53":0,"54":0,"55":0,"56":0,"57":0,"58":0,"59":0,"60":0,"61":0,"62":0,"63":0,"64":0,"65":0,"66":0,"67":0,"68":0,"69":0,"70":0,"71":0,"72":0,"73":0,"74":0,"75":0,"76":0,"77":0,"78":0,"79":0,"80":0,"81":0,"82":0,"83":0,"84":0,"85":0,"86":0,"87":0,"88":0,"89":0,"90":0,"91":0,"92":0,"93":0,"94":0,"95":0,"96":0,"97":0,"98":0,"99":0,"100":0,"101":0,"102":0,"103":0,"104":0,"105":0,"106":0,"107":0,"108":0,"109":0,"110":0,"111":0,"112":0,"113":0,"114":0,"115":0,"116":0,"117":0,"118":0,"119":0,"120":0,"121":0,"122":0,"123":0,"124":0,"125":0,"126":0,"127":0,"128":0,"129":0,"130":0,"131":0,"132":0,"133":0,"134":0,"135":0,"136":0,"137":0,"138":0,"139":0,"140":0,"141":0,"142":0,"143":0,"144":0,"145":0,"146":0,"147":0,"148":0,"149":0,"150":0,"151":0,"152":0,"153":0,"154":0,"155":0,"156":0,"157":0,"158":0,"159":0,"160":0,"161":0,"162":0,"163":0,"164":0,"165":0,"166":0,"167":0,"168":0,"169":0,"170":0,"171":0,"172":0,"173":0,"174":0,"175":0,"176":0,"177":0,"178":0,"179":0,"180":0,"181":0,"182":0,"183":0,"184":0,"185":0,"186":0,"187":0,"188":0,"189":0,"190":0,"191":0,"192":0,"193":0,"194":0,"195":0,"196":0,"197":0,"198":0,"199":0,"200":0,"201":0,"202":0,"203":0,"204":0,"205":0,"206":0,"207":0,"208":0,"209":0,"210":0,"211":0,"212":0,"213":0,"214":0,"215":0,"216":0,"217":0,"218":1},"f":{"0":1,"1":0,"2":0,"3":0,"4":0,"5":0,"6":0,"7":0,"8":0,"9":0,"10":0,"11":0,"12":0,"13":0,"14":0,"15":0,"16":0,"17":0,"18":0,"19":0,"20":0},"b":{"0":[1,0],"1":[0],"2":[0],"3":[0,0],"4":[0,0],"5":[0,0],"6":[0,0],"7":[0,0],"8":[0,0],"9":[0,0],"10":[0,0],"11":[0,0],"12":[0,0],"13":[0,0],"14":[0,0],"15":[0,0],"16":[0,0],"17":[0,0],"18":[0,0],"19":[0,0],"20":[0,0],"21":[0,0],"22":[0,0],"23":[0,0],"24":[0,0],"25":[0,0],"26":[0,0],"27":[0,0],"28":[0,0],"29":[0,0],"30":[0,0],"31":[0,0],"32":[0,0],"33":[0,0],"34":[0,0],"35":[0,0],"36":[0,0],"37":[0],"38":[0,0],"39":[0,0],"40":[0,0],"41":[0,0],"42":[0,0],"43":[0,0],"44":[0,0],"45":[0,0],"46":[0,0],"47":[0,0]},"_coverageSchema":"1a1c01bbd47fc00a2c39e90264f33305004495a9","hash":"b8dc5bdd50da2816feabf96fac7c934b0e789ad8"}
,"/mnt/d/Projects/Traveler_Bloggers_Platform/services/userService.js": {"path":"/mnt/d/Projects/Traveler_Bloggers_Platform/services/userService.js","statementMap":{"0":{"start":{"line":1,"column":15},"end":{"line":1,"column":41}},"1":{"start":{"line":2,"column":11},"end":{"line":2,"column":40}},"2":{"start":{"line":6,"column":8},"end":{"line":6,"column":28}},"3":{"start":{"line":10,"column":8},"end":{"line":32,"column":9}},"4":{"start":{"line":11,"column":25},"end":{"line":22,"column":14}},"5":{"start":{"line":24,"column":12},"end":{"line":26,"column":13}},"6":{"start":{"line":25,"column":16},"end":{"line":25,"column":50}},"7":{"start":{"line":28,"column":12},"end":{"line":28,"column":24}},"8":{"start":{"line":30,"column":12},"end":{"line":30,"column":73}},"9":{"start":{"line":31,"column":12},"end":{"line":31,"column":24}},"10":{"start":{"line":36,"column":8},"end":{"line":60,"column":9}},"11":{"start":{"line":37,"column":25},"end":{"line":37,"column":57}},"12":{"start":{"line":39,"column":12},"end":{"line":41,"column":13}},"13":{"start":{"line":40,"column":16},"end":{"line":40,"column":50}},"14":{"start":{"line":44,"column":12},"end":{"line":51,"column":13}},"15":{"start":{"line":45,"column":37},"end":{"line":47,"column":18}},"16":{"start":{"line":48,"column":16},"end":{"line":50,"column":17}},"17":{"start":{"line":49,"column":20},"end":{"line":49,"column":62}},"18":{"start":{"line":54,"column":12},"end":{"line":54,"column":39}},"19":{"start":{"line":56,"column":12},"end":{"line":56,"column":24}},"20":{"start":{"line":58,"column":12},"end":{"line":58,"column":74}},"21":{"start":{"line":59,"column":12},"end":{"line":59,"column":24}},"22":{"start":{"line":64,"column":0},"end":{"line":64,"column":29}}},"fnMap":{"0":{"name":"(anonymous_0)","decl":{"start":{"line":5,"column":4},"end":{"line":5,"column":5}},"loc":{"start":{"line":5,"column":18},"end":{"line":7,"column":5}},"line":5},"1":{"name":"(anonymous_1)","decl":{"start":{"line":9,"column":4},"end":{"line":9,"column":5}},"loc":{"start":{"line":9,"column":33},"end":{"line":33,"column":5}},"line":9},"2":{"name":"(anonymous_2)","decl":{"start":{"line":35,"column":4},"end":{"line":35,"column":5}},"loc":{"start":{"line":35,"column":45},"end":{"line":61,"column":5}},"line":35}},"branchMap":{"0":{"loc":{"start":{"line":24,"column":12},"end":{"line":26,"column":13}},"type":"if","locations":[{"start":{"line":24,"column":12},"end":{"line":26,"column":13}},{"start":{},"end":{}}],"line":24},"1":{"loc":{"start":{"line":39,"column":12},"end":{"line":41,"column":13}},"type":"if","locations":[{"start":{"line":39,"column":12},"end":{"line":41,"column":13}},{"start":{},"end":{}}],"line":39},"2":{"loc":{"start":{"line":44,"column":12},"end":{"line":51,"column":13}},"type":"if","locations":[{"start":{"line":44,"column":12},"end":{"line":51,"column":13}},{"start":{},"end":{}}],"line":44},"3":{"loc":{"start":{"line":44,"column":16},"end":{"line":44,"column":70}},"type":"binary-expr","locations":[{"start":{"line":44,"column":16},"end":{"line":44,"column":32}},{"start":{"line":44,"column":36},"end":{"line":44,"column":70}}],"line":44},"4":{"loc":{"start":{"line":48,"column":16},"end":{"line":50,"column":17}},"type":"if","locations":[{"start":{"line":48,"column":16},"end":{"line":50,"column":17}},{"start":{},"end":{}}],"line":48}},"s":{"0":1,"1":1,"2":1,"3":0,"4":0,"5":0,"6":0,"7":0,"8":0,"9":0,"10":0,"11":0,"12":0,"13":0,"14":0,"15":0,"16":0,"17":0,"18":0,"19":0,"20":0,"21":0,"22":1},"f":{"0":1,"1":0,"2":0},"b":{"0":[0,0],"1":[0,0],"2":[0,0],"3":[0,0],"4":[0,0]},"_coverageSchema":"1a1c01bbd47fc00a2c39e90264f33305004495a9","hash":"4bc0223a6d4eeeb30d68a48fc63a4a0f4b1a4983"}
,"/mnt/d/Projects/Traveler_Bloggers_Platform/strategy/discord-startegy.js": {"path":"/mnt/d/Projects/Traveler_Bloggers_Platform/strategy/discord-startegy.js","statementMap":{"0":{"start":{"line":1,"column":21},"end":{"line":1,"column":48}},"1":{"start":{"line":2,"column":0},"end":{"line":2,"column":27}},"2":{"start":{"line":4,"column":0},"end":{"line":14,"column":2}},"3":{"start":{"line":4,"column":31},"end":{"line":14,"column":1}},"4":{"start":{"line":11,"column":8},"end":{"line":11,"column":29}},"5":{"start":{"line":12,"column":8},"end":{"line":12,"column":35}}},"fnMap":{"0":{"name":"(anonymous_0)","decl":{"start":{"line":4,"column":17},"end":{"line":4,"column":18}},"loc":{"start":{"line":4,"column":31},"end":{"line":14,"column":1}},"line":4},"1":{"name":"(anonymous_1)","decl":{"start":{"line":10,"column":7},"end":{"line":10,"column":8}},"loc":{"start":{"line":10,"column":53},"end":{"line":13,"column":5}},"line":10}},"branchMap":{},"s":{"0":1,"1":1,"2":1,"3":1,"4":0,"5":0},"f":{"0":1,"1":0},"b":{},"_coverageSchema":"1a1c01bbd47fc00a2c39e90264f33305004495a9","hash":"b881092adc0e059251668bfaf1d6a4e3b1950530"}
,"/mnt/d/Projects/Traveler_Bloggers_Platform/strategy/facebook-strategy.js": {"path":"/mnt/d/Projects/Traveler_Bloggers_Platform/strategy/facebook-strategy.js","statementMap":{"0":{"start":{"line":1,"column":17},"end":{"line":1,"column":36}},"1":{"start":{"line":2,"column":25},"end":{"line":2,"column":62}},"2":{"start":{"line":3,"column":13},"end":{"line":3,"column":39}},"3":{"start":{"line":5,"column":0},"end":{"line":31,"column":2}},"4":{"start":{"line":6,"column":4},"end":{"line":30,"column":6}},"5":{"start":{"line":13,"column":12},"end":{"line":28,"column":13}},"6":{"start":{"line":14,"column":27},"end":{"line":14,"column":84}},"7":{"start":{"line":15,"column":16},"end":{"line":23,"column":17}},"8":{"start":{"line":16,"column":20},"end":{"line":22,"column":23}},"9":{"start":{"line":25,"column":16},"end":{"line":25,"column":40}},"10":{"start":{"line":27,"column":16},"end":{"line":27,"column":28}}},"fnMap":{"0":{"name":"(anonymous_0)","decl":{"start":{"line":5,"column":17},"end":{"line":5,"column":18}},"loc":{"start":{"line":5,"column":31},"end":{"line":31,"column":1}},"line":5},"1":{"name":"(anonymous_1)","decl":{"start":{"line":12,"column":11},"end":{"line":12,"column":12}},"loc":{"start":{"line":12,"column":63},"end":{"line":29,"column":9}},"line":12}},"branchMap":{"0":{"loc":{"start":{"line":15,"column":16},"end":{"line":23,"column":17}},"type":"if","locations":[{"start":{"line":15,"column":16},"end":{"line":23,"column":17}},{"start":{},"end":{}}],"line":15}},"s":{"0":1,"1":1,"2":1,"3":1,"4":1,"5":0,"6":0,"7":0,"8":0,"9":0,"10":0},"f":{"0":1,"1":0},"b":{"0":[0,0]},"_coverageSchema":"1a1c01bbd47fc00a2c39e90264f33305004495a9","hash":"9b28df1571c04d10beab4832141c65dcfeefa73a"}
,"/mnt/d/Projects/Traveler_Bloggers_Platform/strategy/google-strategy.js": {"path":"/mnt/d/Projects/Traveler_Bloggers_Platform/strategy/google-strategy.js","statementMap":{"0":{"start":{"line":1,"column":23},"end":{"line":1,"column":66}},"1":{"start":{"line":2,"column":17},"end":{"line":2,"column":36}},"2":{"start":{"line":3,"column":13},"end":{"line":3,"column":39}},"3":{"start":{"line":4,"column":18},"end":{"line":4,"column":38}},"4":{"start":{"line":6,"column":0},"end":{"line":41,"column":1}},"5":{"start":{"line":7,"column":4},"end":{"line":40,"column":6}},"6":{"start":{"line":14,"column":12},"end":{"line":38,"column":13}},"7":{"start":{"line":15,"column":16},"end":{"line":15,"column":65}},"8":{"start":{"line":17,"column":16},"end":{"line":19,"column":17}},"9":{"start":{"line":18,"column":20},"end":{"line":18,"column":72}},"10":{"start":{"line":21,"column":27},"end":{"line":21,"column":82}},"11":{"start":{"line":23,"column":16},"end":{"line":32,"column":17}},"12":{"start":{"line":24,"column":20},"end":{"line":24,"column":80}},"13":{"start":{"line":25,"column":20},"end":{"line":29,"column":23}},"14":{"start":{"line":31,"column":20},"end":{"line":31,"column":82}},"15":{"start":{"line":34,"column":16},"end":{"line":34,"column":40}},"16":{"start":{"line":36,"column":16},"end":{"line":36,"column":69}},"17":{"start":{"line":37,"column":16},"end":{"line":37,"column":35}}},"fnMap":{"0":{"name":"(anonymous_0)","decl":{"start":{"line":6,"column":17},"end":{"line":6,"column":18}},"loc":{"start":{"line":6,"column":31},"end":{"line":41,"column":1}},"line":6},"1":{"name":"(anonymous_1)","decl":{"start":{"line":13,"column":8},"end":{"line":13,"column":9}},"loc":{"start":{"line":13,"column":60},"end":{"line":39,"column":9}},"line":13}},"branchMap":{"0":{"loc":{"start":{"line":17,"column":16},"end":{"line":19,"column":17}},"type":"if","locations":[{"start":{"line":17,"column":16},"end":{"line":19,"column":17}},{"start":{},"end":{}}],"line":17},"1":{"loc":{"start":{"line":17,"column":20},"end":{"line":17,"column":57}},"type":"binary-expr","locations":[{"start":{"line":17,"column":20},"end":{"line":17,"column":35}},{"start":{"line":17,"column":39},"end":{"line":17,"column":57}}],"line":17},"2":{"loc":{"start":{"line":23,"column":16},"end":{"line":32,"column":17}},"type":"if","locations":[{"start":{"line":23,"column":16},"end":{"line":32,"column":17}},{"start":{"line":30,"column":23},"end":{"line":32,"column":17}}],"line":23}},"s":{"0":1,"1":1,"2":1,"3":1,"4":1,"5":1,"6":0,"7":0,"8":0,"9":0,"10":0,"11":0,"12":0,"13":0,"14":0,"15":0,"16":0,"17":0},"f":{"0":1,"1":0},"b":{"0":[0,0],"1":[0,0],"2":[0,0]},"_coverageSchema":"1a1c01bbd47fc00a2c39e90264f33305004495a9","hash":"dd6ddfe80ae3b7d4efb8acd279ac3d53532658d4"}
,"/mnt/d/Projects/Traveler_Bloggers_Platform/utils/Nodemailer.js": {"path":"/mnt/d/Projects/Traveler_Bloggers_Platform/utils/Nodemailer.js","statementMap":{"0":{"start":{"line":2,"column":0},"end":{"line":2,"column":27}},"1":{"start":{"line":4,"column":19},"end":{"line":4,"column":40}},"2":{"start":{"line":7,"column":20},"end":{"line":13,"column":2}},"3":{"start":{"line":16,"column":18},"end":{"line":44,"column":1}},"4":{"start":{"line":18,"column":4},"end":{"line":20,"column":5}},"5":{"start":{"line":19,"column":8},"end":{"line":19,"column":61}},"6":{"start":{"line":23,"column":4},"end":{"line":25,"column":5}},"7":{"start":{"line":24,"column":8},"end":{"line":24,"column":71}},"8":{"start":{"line":27,"column":4},"end":{"line":43,"column":5}},"9":{"start":{"line":28,"column":28},"end":{"line":35,"column":9}},"10":{"start":{"line":37,"column":21},"end":{"line":37,"column":60}},"11":{"start":{"line":38,"column":8},"end":{"line":38,"column":70}},"12":{"start":{"line":39,"column":8},"end":{"line":39,"column":20}},"13":{"start":{"line":41,"column":8},"end":{"line":41,"column":70}},"14":{"start":{"line":42,"column":8},"end":{"line":42,"column":20}},"15":{"start":{"line":46,"column":0},"end":{"line":46,"column":27}}},"fnMap":{"0":{"name":"(anonymous_0)","decl":{"start":{"line":16,"column":18},"end":{"line":16,"column":19}},"loc":{"start":{"line":16,"column":71},"end":{"line":44,"column":1}},"line":16}},"branchMap":{"0":{"loc":{"start":{"line":16,"column":50},"end":{"line":16,"column":66}},"type":"default-arg","locations":[{"start":{"line":16,"column":64},"end":{"line":16,"column":66}}],"line":16},"1":{"loc":{"start":{"line":18,"column":4},"end":{"line":20,"column":5}},"type":"if","locations":[{"start":{"line":18,"column":4},"end":{"line":20,"column":5}},{"start":{},"end":{}}],"line":18},"2":{"loc":{"start":{"line":18,"column":8},"end":{"line":18,"column":41}},"type":"binary-expr","locations":[{"start":{"line":18,"column":8},"end":{"line":18,"column":11}},{"start":{"line":18,"column":15},"end":{"line":18,"column":23}},{"start":{"line":18,"column":27},"end":{"line":18,"column":32}},{"start":{"line":18,"column":36},"end":{"line":18,"column":41}}],"line":18},"3":{"loc":{"start":{"line":23,"column":4},"end":{"line":25,"column":5}},"type":"if","locations":[{"start":{"line":23,"column":4},"end":{"line":25,"column":5}},{"start":{},"end":{}}],"line":23},"4":{"loc":{"start":{"line":23,"column":8},"end":{"line":23,"column":58}},"type":"binary-expr","locations":[{"start":{"line":23,"column":8},"end":{"line":23,"column":31}},{"start":{"line":23,"column":35},"end":{"line":23,"column":58}}],"line":23}},"s":{"0":1,"1":1,"2":1,"3":1,"4":0,"5":0,"6":0,"7":0,"8":0,"9":0,"10":0,"11":0,"12":0,"13":0,"14":0,"15":1},"f":{"0":0},"b":{"0":[0],"1":[0,0],"2":[0,0,0,0],"3":[0,0],"4":[0,0]},"_coverageSchema":"1a1c01bbd47fc00a2c39e90264f33305004495a9","hash":"db70dc457092a73d50f76a77a7dcda1b6dd2ead1"}
,"/mnt/d/Projects/Traveler_Bloggers_Platform/utils/emailHelper.js": {"path":"/mnt/d/Projects/Traveler_Bloggers_Platform/utils/emailHelper.js","statementMap":{"0":{"start":{"line":1,"column":11},"end":{"line":1,"column":24}},"1":{"start":{"line":2,"column":13},"end":{"line":2,"column":28}},"2":{"start":{"line":6,"column":8},"end":{"line":6,"column":68}},"3":{"start":{"line":10,"column":8},"end":{"line":30,"column":9}},"4":{"start":{"line":11,"column":29},"end":{"line":11,"column":82}},"5":{"start":{"line":12,"column":26},"end":{"line":12,"column":70}},"6":{"start":{"line":15,"column":12},"end":{"line":17,"column":13}},"7":{"start":{"line":16,"column":16},"end":{"line":16,"column":80}},"8":{"start":{"line":19,"column":12},"end":{"line":26,"column":14}},"9":{"start":{"line":28,"column":12},"end":{"line":28,"column":82}},"10":{"start":{"line":29,"column":12},"end":{"line":29,"column":24}},"11":{"start":{"line":34,"column":8},"end":{"line":34,"column":54}},"12":{"start":{"line":38,"column":8},"end":{"line":38,"column":60}},"13":{"start":{"line":42,"column":8},"end":{"line":42,"column":64}},"14":{"start":{"line":46,"column":0},"end":{"line":46,"column":35}}},"fnMap":{"0":{"name":"(anonymous_0)","decl":{"start":{"line":5,"column":4},"end":{"line":5,"column":5}},"loc":{"start":{"line":5,"column":18},"end":{"line":7,"column":5}},"line":5},"1":{"name":"(anonymous_1)","decl":{"start":{"line":9,"column":4},"end":{"line":9,"column":5}},"loc":{"start":{"line":9,"column":53},"end":{"line":31,"column":5}},"line":9},"2":{"name":"(anonymous_2)","decl":{"start":{"line":33,"column":4},"end":{"line":33,"column":5}},"loc":{"start":{"line":33,"column":32},"end":{"line":35,"column":5}},"line":33},"3":{"name":"(anonymous_3)","decl":{"start":{"line":37,"column":4},"end":{"line":37,"column":5}},"loc":{"start":{"line":37,"column":38},"end":{"line":39,"column":5}},"line":37},"4":{"name":"(anonymous_4)","decl":{"start":{"line":41,"column":4},"end":{"line":41,"column":5}},"loc":{"start":{"line":41,"column":42},"end":{"line":43,"column":5}},"line":41}},"branchMap":{"0":{"loc":{"start":{"line":9,"column":37},"end":{"line":9,"column":51}},"type":"default-arg","locations":[{"start":{"line":9,"column":49},"end":{"line":9,"column":51}}],"line":9}},"s":{"0":1,"1":1,"2":1,"3":0,"4":0,"5":0,"6":0,"7":0,"8":0,"9":0,"10":0,"11":0,"12":0,"13":0,"14":1},"f":{"0":1,"1":0,"2":0,"3":0,"4":0},"b":{"0":[0]},"_coverageSchema":"1a1c01bbd47fc00a2c39e90264f33305004495a9","hash":"1a21300dbd17e02042fb40664df48b70b46da5bb"}
,"/mnt/d/Projects/Traveler_Bloggers_Platform/utils/generateToken.js": {"path":"/mnt/d/Projects/Traveler_Bloggers_Platform/utils/generateToken.js","statementMap":{"0":{"start":{"line":1,"column":12},"end":{"line":1,"column":35}},"1":{"start":{"line":2,"column":0},"end":{"line":2,"column":27}},"2":{"start":{"line":4,"column":22},"end":{"line":10,"column":1}},"3":{"start":{"line":5,"column":4},"end":{"line":9,"column":6}},"4":{"start":{"line":12,"column":0},"end":{"line":12,"column":35}}},"fnMap":{"0":{"name":"(anonymous_0)","decl":{"start":{"line":4,"column":22},"end":{"line":4,"column":23}},"loc":{"start":{"line":4,"column":32},"end":{"line":10,"column":1}},"line":4}},"branchMap":{},"s":{"0":1,"1":1,"2":1,"3":0,"4":1},"f":{"0":0},"b":{},"_coverageSchema":"1a1c01bbd47fc00a2c39e90264f33305004495a9","hash":"247816d2f3c0e02e1caa4e32cd8a303d05bf3146"}
,"/mnt/d/Projects/Traveler_Bloggers_Platform/utils/logger.js": {"path":"/mnt/d/Projects/Traveler_Bloggers_Platform/utils/logger.js","statementMap":{"0":{"start":{"line":1,"column":16},"end":{"line":1,"column":34}},"1":{"start":{"line":3,"column":15},"end":{"line":14,"column":2}},"2":{"start":{"line":17,"column":0},"end":{"line":17,"column":35}},"3":{"start":{"line":19,"column":0},"end":{"line":19,"column":24}}},"fnMap":{},"branchMap":{},"s":{"0":1,"1":1,"2":1,"3":1},"f":{},"b":{},"_coverageSchema":"1a1c01bbd47fc00a2c39e90264f33305004495a9","hash":"6f30f6929d4866bfc254836b54c8549acef89818"}
}
