TN:
SF:errors/CustomErrors.js
FN:2,(anonymous_0)
FN:10,(anonymous_1)
FN:18,(anonymous_2)
FNF:3
FNH:1
FNDA:1,(anonymous_0)
FNDA:0,(anonymous_1)
FNDA:0,(anonymous_2)
DA:3,1
DA:4,1
DA:5,1
DA:11,0
DA:12,0
DA:13,0
DA:19,0
DA:20,0
DA:21,0
DA:25,1
LF:10
LH:4
BRF:0
BRH:0
end_of_record
TN:
SF:services/auth/registerService.js
FN:7,(anonymous_0)
FN:16,(anonymous_1)
FN:17,(anonymous_2)
FNF:3
FNH:3
FNDA:4,(anonymous_0)
FNDA:4,(anonymous_1)
FNDA:4,(anonymous_2)
DA:1,1
DA:2,1
DA:3,1
DA:4,1
DA:8,4
DA:9,4
DA:10,4
DA:11,4
DA:12,4
DA:13,4
DA:17,4
DA:18,4
DA:23,4
DA:24,1
DA:27,3
DA:29,3
DA:34,3
DA:35,1
DA:38,2
DA:46,2
DA:51,2
DA:57,2
DA:63,2
DA:69,2
DA:73,2
DA:82,2
DA:83,2
DA:87,1
LF:28
LH:28
BRDA:23,0,0,1
BRDA:23,0,1,3
BRDA:34,1,0,1
BRDA:34,1,1,2
BRDA:82,2,0,1
BRDA:82,2,1,1
BRF:6
BRH:6
end_of_record
